Log file open, 06/05/19 12:59:19
LogWindows: Failed to load 'aqProf.dll' (GetLastError=126)
LogWindows: File 'aqProf.dll' does not exist
LogWindows: Failed to load 'VtuneApi.dll' (GetLastError=126)
LogWindows: File 'VtuneApi.dll' does not exist
LogWindows: Failed to load 'VtuneApi32e.dll' (GetLastError=126)
LogWindows: File 'VtuneApi32e.dll' does not exist
LogInit: Display: Running engine for game: Shoot
LogPlatformFile: Not using cached read wrapper
LogInit: Display: RandInit(-1061517679) SRandInit(-1061517679).
LogInit: Read version file with build ID '3709383'
LogInit: Overriding engine version to CL 3832480, compatible CL 3709383
LogInit: Registered custom module enumerator with build ID '3709383'
LogTaskGraph: Started task graph with 5 named threads and 14 total threads with 3 sets of task threads.
LogStats: Stats thread started at 1.344177
LogD3D11RHI: Aftermath initialized
LogModuleManager: Display: Found up-to-date module file ../../../Engine/Plugins/2D/Paper2D/Binaries/Win64/UE4Editor-Paper2D.dll (API version 3709383).
LogModuleManager: Display: Found up-to-date module file ../../../Engine/Plugins/2D/Paper2D/Binaries/Win64/UE4Editor-Paper2DEditor.dll (API version 3709383).
LogModuleManager: Display: Found up-to-date module file ../../../Engine/Plugins/2D/Paper2D/Binaries/Win64/UE4Editor-PaperSpriteSheetImporter.dll (API version 3709383).
LogModuleManager: Display: Found up-to-date module file ../../../Engine/Plugins/2D/Paper2D/Binaries/Win64/UE4Editor-PaperTiledImporter.dll (API version 3709383).
LogModuleManager: Display: Found up-to-date module file ../../../Engine/Plugins/2D/Paper2D/Binaries/Win64/UE4Editor-SmartSnapping.dll (API version 3709383).
LogModuleManager: Display: Found up-to-date module file ../../../Engine/Plugins/Blendables/LightPropagationVolume/Binaries/Win64/UE4Editor-LightPropagationVolumeRuntime.dll (API version 3709383).
LogModuleManager: Display: Found up-to-date module file ../../../Engine/Plugins/Blendables/LightPropagationVolume/Binaries/Win64/UE4Editor-LightPropagationVolumeEditor.dll (API version 3709383).
LogModuleManager: Display: Found up-to-date module file ../../../Engine/Plugins/Developer/GitSourceControl/Binaries/Win64/UE4Editor-GitSourceControl.dll (API version 3709383).
LogModuleManager: Display: Found up-to-date module file ../../../Engine/Plugins/Developer/PerforceSourceControl/Binaries/Win64/UE4Editor-PerforceSourceControl.dll (API version 3709383).
LogModuleManager: Display: Found up-to-date module file ../../../Engine/Plugins/Developer/SubversionSourceControl/Binaries/Win64/UE4Editor-SubversionSourceControl.dll (API version 3709383).
LogModuleManager: Display: Found up-to-date module file ../../../Engine/Plugins/Developer/UObjectPlugin/Binaries/Win64/UE4Editor-UObjectPlugin.dll (API version 3709383).
LogModuleManager: Display: Found up-to-date module file ../../../Engine/Plugins/Developer/VisualStudioCodeSourceCodeAccess/Binaries/Win64/UE4Editor-VisualStudioCodeSourceCodeAccess.dll (API version 3709383).
LogModuleManager: Display: Found up-to-date module file ../../../Engine/Plugins/Developer/VisualStudioSourceCodeAccess/Binaries/Win64/UE4Editor-VisualStudioSourceCodeAccess.dll (API version 3709383).
LogModuleManager: Display: Found up-to-date module file ../../../Engine/Plugins/Editor/AssetManagerEditor/Binaries/Win64/UE4Editor-AssetManagerEditor.dll (API version 3709383).
LogModuleManager: Display: Found up-to-date module file ../../../Engine/Plugins/Editor/AudioCapture/Binaries/Win64/UE4Editor-AudioCapture.dll (API version 3709383).
LogModuleManager: Display: Found up-to-date module file ../../../Engine/Plugins/Editor/FacialAnimation/Binaries/Win64/UE4Editor-FacialAnimation.dll (API version 3709383).
LogModuleManager: Display: Found up-to-date module file ../../../Engine/Plugins/Editor/FacialAnimation/Binaries/Win64/UE4Editor-FacialAnimationEditor.dll (API version 3709383).
LogModuleManager: Display: Found up-to-date module file ../../../Engine/Plugins/Editor/GameplayTagsEditor/Binaries/Win64/UE4Editor-GameplayTagsEditor.dll (API version 3709383).
LogModuleManager: Display: Found up-to-date module file ../../../Engine/Plugins/Editor/MobileLauncherProfileWizard/Binaries/Win64/UE4Editor-MobileLauncherProfileWizard.dll (API version 3709383).
LogModuleManager: Display: Found up-to-date module file ../../../Engine/Plugins/Editor/PluginBrowser/Binaries/Win64/UE4Editor-PluginBrowser.dll (API version 3709383).
LogModuleManager: Display: Found up-to-date module file ../../../Engine/Plugins/Editor/SpeedTreeImporter/Binaries/Win64/UE4Editor-SpeedTreeImporter.dll (API version 3709383).
LogModuleManager: Display: Found up-to-date module file ../../../Engine/Plugins/Experimental/AlembicImporter/Binaries/Win64/UE4Editor-AlembicImporter.dll (API version 3709383).
LogModuleManager: Display: Found up-to-date module file ../../../Engine/Plugins/Experimental/AlembicImporter/Binaries/Win64/UE4Editor-AlembicLibrary.dll (API version 3709383).
LogModuleManager: Display: Found up-to-date module file ../../../Engine/Plugins/Experimental/CharacterAI/Binaries/Win64/UE4Editor-CharacterAI.dll (API version 3709383).
LogModuleManager: Display: Found up-to-date module file ../../../Engine/Plugins/Experimental/HTML5Networking/Binaries/Win64/UE4Editor-HTML5Networking.dll (API version 3709383).
LogModuleManager: Display: Found up-to-date module file ../../../Engine/Plugins/Media/AndroidMedia/Binaries/Win64/UE4Editor-AndroidMediaEditor.dll (API version 3709383).
LogModuleManager: Display: Found up-to-date module file ../../../Engine/Plugins/Media/AndroidMedia/Binaries/Win64/UE4Editor-AndroidMediaFactory.dll (API version 3709383).
LogModuleManager: Display: Found up-to-date module file ../../../Engine/Plugins/Media/AvfMedia/Binaries/Win64/UE4Editor-AvfMediaEditor.dll (API version 3709383).
LogModuleManager: Display: Found up-to-date module file ../../../Engine/Plugins/Media/AvfMedia/Binaries/Win64/UE4Editor-AvfMediaFactory.dll (API version 3709383).
LogModuleManager: Display: Found up-to-date module file ../../../Engine/Plugins/Media/AvfMedia/Binaries/Win64/UE4Editor-AvfMediaFactory.dll (API version 3709383).
LogModuleManager: Display: Found up-to-date module file ../../../Engine/Plugins/Media/ImgMedia/Binaries/Win64/UE4Editor-ImgMedia.dll (API version 3709383).
LogModuleManager: Display: Found up-to-date module file ../../../Engine/Plugins/Media/ImgMedia/Binaries/Win64/UE4Editor-ImgMediaEditor.dll (API version 3709383).
LogModuleManager: Display: Found up-to-date module file ../../../Engine/Plugins/Media/ImgMedia/Binaries/Win64/UE4Editor-ImgMediaFactory.dll (API version 3709383).
LogModuleManager: Display: Found up-to-date module file ../../../Engine/Plugins/Media/ImgMedia/Binaries/Win64/UE4Editor-ImgMediaFactory.dll (API version 3709383).
LogModuleManager: Display: Found up-to-date module file ../../../Engine/Plugins/Media/ImgMedia/Binaries/Win64/UE4Editor-OpenExrWrapper.dll (API version 3709383).
LogModuleManager: Display: Found up-to-date module file ../../../Engine/Plugins/Media/MediaCompositing/Binaries/Win64/UE4Editor-MediaCompositing.dll (API version 3709383).
LogModuleManager: Display: Found up-to-date module file ../../../Engine/Plugins/Media/MediaCompositing/Binaries/Win64/UE4Editor-MediaCompositingEditor.dll (API version 3709383).
LogModuleManager: Display: Found up-to-date module file ../../../Engine/Plugins/Media/MediaPlayerEditor/Binaries/Win64/UE4Editor-MediaPlayerEditor.dll (API version 3709383).
LogModuleManager: Display: Found up-to-date module file ../../../Engine/Plugins/Media/WmfMedia/Binaries/Win64/UE4Editor-WmfMedia.dll (API version 3709383).
LogModuleManager: Display: Found up-to-date module file ../../../Engine/Plugins/Media/WmfMedia/Binaries/Win64/UE4Editor-WmfMediaEditor.dll (API version 3709383).
LogModuleManager: Display: Found up-to-date module file ../../../Engine/Plugins/Media/WmfMedia/Binaries/Win64/UE4Editor-WmfMediaFactory.dll (API version 3709383).
LogModuleManager: Display: Found up-to-date module file ../../../Engine/Plugins/Media/WmfMedia/Binaries/Win64/UE4Editor-WmfMediaFactory.dll (API version 3709383).
LogModuleManager: Display: Found up-to-date module file ../../../Engine/Plugins/Messaging/TcpMessaging/Binaries/Win64/UE4Editor-TcpMessaging.dll (API version 3709383).
LogModuleManager: Display: Found up-to-date module file ../../../Engine/Plugins/Messaging/UdpMessaging/Binaries/Win64/UE4Editor-UdpMessaging.dll (API version 3709383).
LogModuleManager: Display: Found up-to-date module file ../../../Engine/Plugins/MovieScene/ActorSequence/Binaries/Win64/UE4Editor-ActorSequence.dll (API version 3709383).
LogModuleManager: Display: Found up-to-date module file ../../../Engine/Plugins/MovieScene/LevelSequenceEditor/Binaries/Win64/UE4Editor-LevelSequenceEditor.dll (API version 3709383).
LogModuleManager: Display: Found up-to-date module file ../../../Engine/Plugins/MovieScene/MatineeToLevelSequence/Binaries/Win64/UE4Editor-MatineeToLevelSequence.dll (API version 3709383).
LogModuleManager: Display: Found up-to-date module file ../../../Engine/Plugins/Online/OnlineSubsystem/Binaries/Win64/UE4Editor-OnlineSubsystem.dll (API version 3709383).
LogModuleManager: Display: Found up-to-date module file ../../../Engine/Plugins/Runtime/AndroidPermission/Binaries/Win64/UE4Editor-AndroidPermission.dll (API version 3709383).
LogModuleManager: Display: Found up-to-date module file ../../../Engine/Plugins/Online/OnlineSubsystemNull/Binaries/Win64/UE4Editor-OnlineSubsystemNull.dll (API version 3709383).
LogModuleManager: Display: Found up-to-date module file ../../../Engine/Plugins/Online/OnlineSubsystemUtils/Binaries/Win64/UE4Editor-OnlineSubsystemUtils.dll (API version 3709383).
LogModuleManager: Display: Found up-to-date module file ../../../Engine/Plugins/Online/OnlineSubsystemUtils/Binaries/Win64/UE4Editor-OnlineBlueprintSupport.dll (API version 3709383).
LogModuleManager: Display: Found up-to-date module file ../../../Engine/Plugins/Runtime/AndroidDeviceProfileSelector/Binaries/Win64/UE4Editor-AndroidDeviceProfileSelector.dll (API version 3709383).
LogModuleManager: Display: Found up-to-date module file ../../../Engine/Plugins/Runtime/AppleARKit/Binaries/Win64/UE4Editor-AppleARKit.dll (API version 3709383).
LogModuleManager: Display: Found up-to-date module file ../../../Engine/Plugins/Runtime/ArchVisCharacter/Binaries/Win64/UE4Editor-ArchVisCharacter.dll (API version 3709383).
LogModuleManager: Display: Found up-to-date module file ../../../Engine/Plugins/Runtime/CableComponent/Binaries/Win64/UE4Editor-CableComponent.dll (API version 3709383).
LogModuleManager: Display: Found up-to-date module file ../../../Engine/Plugins/Runtime/CustomMeshComponent/Binaries/Win64/UE4Editor-CustomMeshComponent.dll (API version 3709383).
LogModuleManager: Display: Found up-to-date module file ../../../Engine/Plugins/Runtime/ExampleDeviceProfileSelector/Binaries/Win64/UE4Editor-ExampleDeviceProfileSelector.dll (API version 3709383).
LogModuleManager: Display: Found up-to-date module file ../../../Engine/Plugins/Runtime/ImmediatePhysics/Binaries/Win64/UE4Editor-ImmediatePhysics.dll (API version 3709383).
LogModuleManager: Display: Found up-to-date module file ../../../Engine/Plugins/Runtime/ImmediatePhysics/Binaries/Win64/UE4Editor-ImmediatePhysicsEditor.dll (API version 3709383).
LogModuleManager: Display: Found up-to-date module file ../../../Engine/Plugins/Runtime/LocationServicesBPLibrary/Binaries/Win64/UE4Editor-LocationServicesBPLibrary.dll (API version 3709383).
LogModuleManager: Display: Found up-to-date module file ../../../Engine/Plugins/Runtime/MobilePatchingUtils/Binaries/Win64/UE4Editor-MobilePatchingUtils.dll (API version 3709383).
LogModuleManager: Display: Found up-to-date module file ../../../Engine/Plugins/Runtime/Oculus/OculusVR/Binaries/Win64/UE4Editor-OculusHMD.dll (API version 3709383).
LogModuleManager: Display: Found up-to-date module file ../../../Engine/Plugins/Runtime/Oculus/OculusVR/Binaries/Win64/UE4Editor-OculusInput.dll (API version 3709383).
LogModuleManager: Display: Found up-to-date module file ../../../Engine/Plugins/Runtime/Oculus/OculusVR/Binaries/Win64/UE4Editor-OculusEditor.dll (API version 3709383).
LogModuleManager: Display: Found up-to-date module file ../../../Engine/Plugins/Runtime/PhysXVehicles/Binaries/Win64/UE4Editor-PhysXVehicles.dll (API version 3709383).
LogModuleManager: Display: Found up-to-date module file ../../../Engine/Plugins/Runtime/PhysXVehicles/Binaries/Win64/UE4Editor-PhysXVehiclesEditor.dll (API version 3709383).
LogModuleManager: Display: Found up-to-date module file ../../../Engine/Plugins/Runtime/ProceduralMeshComponent/Binaries/Win64/UE4Editor-ProceduralMeshComponent.dll (API version 3709383).
LogModuleManager: Display: Found up-to-date module file ../../../Engine/Plugins/Runtime/ProceduralMeshComponent/Binaries/Win64/UE4Editor-ProceduralMeshComponentEditor.dll (API version 3709383).
LogModuleManager: Display: Found up-to-date module file ../../../Engine/Plugins/Runtime/RuntimePhysXCooking/Binaries/Win64/UE4Editor-RuntimePhysXCooking.dll (API version 3709383).
LogModuleManager: Display: Found up-to-date module file ../../../Engine/Plugins/Runtime/Steam/SteamVR/Binaries/Win64/UE4Editor-SteamVR.dll (API version 3709383).
LogModuleManager: Display: Found up-to-date module file ../../../Engine/Plugins/Runtime/Steam/SteamVR/Binaries/Win64/UE4Editor-SteamVRController.dll (API version 3709383).
LogModuleManager: Display: Found up-to-date module file ../../../Engine/Plugins/Runtime/WindowsMoviePlayer/Binaries/Win64/UE4Editor-WindowsMoviePlayer.dll (API version 3709383).
LogPluginManager: Mounting plugin Paper2D
LogPluginManager: Mounting plugin LightPropagationVolume
LogPluginManager: Mounting plugin CodeLiteSourceCodeAccess
LogPluginManager: Mounting plugin GitSourceControl
LogPluginManager: Mounting plugin KDevelopSourceCodeAccess
LogPluginManager: Mounting plugin NullSourceCodeAccess
LogPluginManager: Mounting plugin PerforceSourceControl
LogPluginManager: Mounting plugin SubversionSourceControl
LogPluginManager: Mounting plugin UObjectPlugin
LogPluginManager: Mounting plugin VisualStudioCodeSourceCodeAccess
LogPluginManager: Mounting plugin VisualStudioSourceCodeAccess
LogPluginManager: Mounting plugin XCodeSourceCodeAccess
LogPluginManager: Mounting plugin AssetManagerEditor
LogPluginManager: Mounting plugin AudioCapture
LogPluginManager: Mounting plugin FacialAnimation
LogPluginManager: Mounting plugin GameplayTagsEditor
LogPluginManager: Mounting plugin MobileLauncherProfileWizard
LogPluginManager: Mounting plugin PluginBrowser
LogPluginManager: Mounting plugin SpeedTreeImporter
LogPluginManager: Mounting plugin AlembicImporter
LogPluginManager: Mounting plugin CharacterAI
LogPluginManager: Mounting plugin HTML5Networking
LogPluginManager: Mounting plugin AndroidMedia
LogPluginManager: Mounting plugin AvfMedia
LogPluginManager: Mounting plugin ImgMedia
LogPluginManager: Mounting plugin MediaCompositing
LogPluginManager: Mounting plugin MediaPlayerEditor
LogPluginManager: Mounting plugin WmfMedia
LogPluginManager: Mounting plugin TcpMessaging
LogPluginManager: Mounting plugin UdpMessaging
LogPluginManager: Mounting plugin ActorSequence
LogPluginManager: Mounting plugin LevelSequenceEditor
LogPluginManager: Mounting plugin MatineeToLevelSequence
LogPluginManager: Mounting plugin OnlineSubsystemGooglePlay
LogPluginManager: Mounting plugin OnlineSubsystemIOS
LogPluginManager: Mounting plugin OnlineSubsystem
LogPluginManager: Mounting plugin OnlineSubsystemNull
LogPluginManager: Mounting plugin OnlineSubsystemUtils
LogPluginManager: Mounting plugin AndroidDeviceProfileSelector
LogPluginManager: Mounting plugin AndroidMoviePlayer
LogPluginManager: Mounting plugin AndroidPermission
LogPluginManager: Mounting plugin AppleARKit
LogPluginManager: Mounting plugin AppleMoviePlayer
LogPluginManager: Mounting plugin ArchVisCharacter
LogPluginManager: Mounting plugin CableComponent
LogPluginManager: Mounting plugin CustomMeshComponent
LogPluginManager: Mounting plugin ExampleDeviceProfileSelector
LogPluginManager: Mounting plugin GoogleCloudMessaging
LogPluginManager: Mounting plugin ImmediatePhysics
LogPluginManager: Mounting plugin IOSDeviceProfileSelector
LogPluginManager: Mounting plugin LinuxDeviceProfileSelector
LogPluginManager: Mounting plugin LocationServicesBPLibrary
LogPluginManager: Mounting plugin MobilePatchingUtils
LogPluginManager: Mounting plugin OculusVR
LogPluginManager: Plugin shader directory ../../../Engine/Plugins/Runtime/Oculus/OculusVR/Shaders found
LogPluginManager: Mapping shader source directory ../../../Engine/Plugins/Runtime/Oculus/OculusVR/Shaders to virtual directory /Plugin/OculusVR
LogPluginManager: Mounting plugin PhysXVehicles
LogPluginManager: Mounting plugin ProceduralMeshComponent
LogPluginManager: Mounting plugin RuntimePhysXCooking
LogPluginManager: Mounting plugin SteamVR
LogPluginManager: Mounting plugin WindowsMoviePlayer
LogInit: Using libcurl 7.47.1
LogInit:  - built for x86_64-pc-win32
LogInit:  - supports SSL with OpenSSL/1.0.2g
LogInit:  - supports HTTP deflate (compression) using libz 1.2.8
LogInit:  - other features:
LogInit:      CURL_VERSION_SSL
LogInit:      CURL_VERSION_LIBZ
LogInit:      CURL_VERSION_IPV6
LogInit:      CURL_VERSION_ASYNCHDNS
LogInit:      CURL_VERSION_LARGEFILE
LogInit:      CURL_VERSION_IDN
LogInit:  CurlRequestOptions (configurable via config and command line):
LogInit:  - bVerifyPeer = false  - Libcurl will NOT verify peer certificate
LogInit:  - bUseHttpProxy = false  - Libcurl will NOT use HTTP proxy
LogInit:  - bDontReuseConnections = false  - Libcurl will reuse connections
LogInit:  - CertBundlePath = nullptr  - Libcurl will use whatever was configured at build time.
LogInit: Build: ++UE4+Release-4.18-CL-3832480
LogInit: Engine Version: 4.18.3-3832480+++UE4+Release-4.18
LogInit: Compatible Engine Version: 4.18.0-3709383+++UE4+Release-4.18
LogInit: Net CL: 3709383
LogDevObjectVersion: Number of dev versions registered: 16
LogDevObjectVersion:   Dev-Blueprints (B0D832E4-1F89-4F0D-ACCF-7EB736FD4AA2): 10
LogDevObjectVersion:   Dev-Build (E1C64328-A22C-4D53-A36C-8E866417BD8C): 0
LogDevObjectVersion:   Dev-Core (375EC13C-06E4-48FB-B500-84F0262A717E): 2
LogDevObjectVersion:   Dev-Editor (E4B068ED-F494-42E9-A231-DA0B2E46BB41): 20
LogDevObjectVersion:   Dev-Framework (CFFC743F-43B0-4480-9391-14DF171D2073): 30
LogDevObjectVersion:   Dev-Mobile (B02B49B5-BB20-44E9-A304-32B752E40360): 0
LogDevObjectVersion:   Dev-Networking (A4E4105C-59A1-49B5-A7C5-40C4547EDFEE): 0
LogDevObjectVersion:   Dev-Online (39C831C9-5AE6-47DC-9A44-9C173E1C8E7C): 0
LogDevObjectVersion:   Dev-Physics (78F01B33-EBEA-4F98-B9B4-84EACCB95AA2): 0
LogDevObjectVersion:   Dev-Platform (6631380F-2D4D-43E0-8009-CF276956A95A): 0
LogDevObjectVersion:   Dev-Rendering (12F88B9F-8875-4AFC-A67C-D90C383ABD29): 20
LogDevObjectVersion:   Dev-Sequencer (7B5AE74C-D270-4C10-A958-57980B212A5A): 4
LogDevObjectVersion:   Dev-VR (D7296918-1DD6-4BDD-9DE2-64A83CC13884): 0
LogDevObjectVersion:   Dev-LoadTimes (C2A15278-BFE7-4AFE-6C17-90FF531DF755): 1
LogDevObjectVersion:   Private-Geometry (6EACA3D4-40EC-4CC1-B786-8BED09428FC5): 1
LogDevObjectVersion:   Dev-AnimPhys (29E575DD-E0A3-4627-9D10-D276232CDCEA): 12
LogInit: Compiled (64-bit): Jan 12 2018 02:04:55
LogInit: Compiled with Visual C++: 19.00.24215.01
LogInit: Build Configuration: Development
LogInit: Branch Name: ++UE4+Release-4.18
LogInit: Command line: 
LogInit: Base directory: C:/Program Files/Epic Games/UE_4.18/Engine/Binaries/Win64/
LogInit: Installed Engine Build: 1
LogInit: Presizing for max 8388607 objects, including 0 objects not considered by GC, pre-allocating 0 bytes for permanent pool.
LogInit: Object subsystem initialized
[2019.06.05-03.59.23:768][  0]LogInit: Selected Device Profile: [Windows]
[2019.06.05-03.59.23:768][  0]LogInit: Applying CVar settings loaded from the selected device profile: [Windows]
[2019.06.05-03.59.24:259][  0]LogInit: Computer: 4137-02
[2019.06.05-03.59.24:259][  0]LogInit: User: s2014112564
[2019.06.05-03.59.24:259][  0]LogInit: CPU Page size=4096, Cores=4
[2019.06.05-03.59.24:259][  0]LogInit: High frequency timer resolution =3.410117 MHz
[2019.06.05-03.59.24:259][  0]LogMemory: Memory total: Physical=7.9GB (8GB approx)
[2019.06.05-03.59.24:259][  0]LogMemory: Platform Memory Stats for Windows
[2019.06.05-03.59.24:259][  0]LogMemory: Process Physical Memory: 273.65 MB used, 273.65 MB peak
[2019.06.05-03.59.24:259][  0]LogMemory: Process Virtual Memory: 265.32 MB used, 265.32 MB peak
[2019.06.05-03.59.24:259][  0]LogMemory: Physical Memory: 3819.48 MB used,  4241.84 MB free, 8061.32 MB total
[2019.06.05-03.59.24:259][  0]LogMemory: Virtual Memory: 622.81 MB used,  4241.84 MB free, 8388608.00 MB total
[2019.06.05-03.59.24:595][  0]LogInit: Using OS detected language (ko-KR).
[2019.06.05-03.59.24:595][  0]LogInit: Using OS detected locale (ko-KR).
[2019.06.05-03.59.24:599][  0]LogTextLocalizationManager: No specific localization for 'ko-KR' exists, so the 'ko' localization will be used.
[2019.06.05-03.59.24:763][  0]LogWindows: Failed to load 'shcore.dll' (GetLastError=126)
[2019.06.05-03.59.24:763][  0]LogWindows: File 'shcore.dll' does not exist
[2019.06.05-03.59.24:763][  0]LogInit: Setting process to DPI aware
[2019.06.05-03.59.24:772][  0]LogWindows: Failed to load 'shcore.dll' (GetLastError=126)
[2019.06.05-03.59.24:772][  0]LogWindows: File 'shcore.dll' does not exist
[2019.06.05-03.59.24:772][  0]LogInit: Setting process to DPI aware
[2019.06.05-03.59.25:139][  0]LogD3D11RHI: D3D11 adapters:
[2019.06.05-03.59.25:161][  0]LogD3D11RHI:    0. 'NVIDIA GeForce GTX 750 Ti' (Feature Level 11_0)
[2019.06.05-03.59.25:161][  0]LogD3D11RHI:       1992/0/3774 MB DedicatedVideo/DedicatedSystem/SharedSystem, Outputs:1, VendorId:0x10de
[2019.06.05-03.59.25:171][  0]LogD3D11RHI:    1. 'Intel(R) HD Graphics 4600' (Feature Level 11_0)
[2019.06.05-03.59.25:171][  0]LogD3D11RHI:       64/0/1632 MB DedicatedVideo/DedicatedSystem/SharedSystem, Outputs:0, VendorId:0x8086
[2019.06.05-03.59.25:171][  0]LogD3D11RHI: Chosen D3D11 Adapter: 0
[2019.06.05-03.59.25:177][  0]LogD3D11RHI: Creating new Direct3DDevice
[2019.06.05-03.59.25:177][  0]LogD3D11RHI:     GPU DeviceId: 0x1380 (for the marketing name, search the web for "GPU Device Id")
[2019.06.05-03.59.25:177][  0]LogWindows: EnumDisplayDevices:
[2019.06.05-03.59.25:178][  0]LogWindows:    0. 'NVIDIA GeForce GTX 750 Ti' (P:1 D:1)
[2019.06.05-03.59.25:178][  0]LogWindows:    1. 'NVIDIA GeForce GTX 750 Ti' (P:0 D:0)
[2019.06.05-03.59.25:178][  0]LogWindows:    2. 'NVIDIA GeForce GTX 750 Ti' (P:0 D:0)
[2019.06.05-03.59.25:178][  0]LogWindows:    3. 'Intel(R) HD Graphics 4600' (P:0 D:0)
[2019.06.05-03.59.25:178][  0]LogWindows:    4. 'Intel(R) HD Graphics 4600' (P:0 D:0)
[2019.06.05-03.59.25:178][  0]LogWindows:    5. 'Intel(R) HD Graphics 4600' (P:0 D:0)
[2019.06.05-03.59.25:178][  0]LogWindows:    6. 'RDPDD Chained DD' (P:0 D:0)
[2019.06.05-03.59.25:178][  0]LogWindows:    7. 'RDP Encoder Mirror Driver' (P:0 D:0)
[2019.06.05-03.59.25:178][  0]LogWindows:    8. 'RDP Reflector Display Driver' (P:0 D:0)
[2019.06.05-03.59.25:178][  0]LogWindows: DebugString: PrimaryIsNotTheChoosenAdapter PrimaryIsNotTheChoosenAdapter PrimaryIsNotTheChoosenAdapter GetVideoDriverDetailsInvalid PrimaryIsNotTheChoosenAdapter GetVideoDriverDetailsInvalid PrimaryIsNotTheChoosenAdapter GetVideoDriverDetailsInvalid PrimaryIsNotTheChoosenAdapter FoundDriverCount:3 
[2019.06.05-03.59.25:178][  0]LogD3D11RHI:     Adapter Name: NVIDIA GeForce GTX 750 Ti
[2019.06.05-03.59.25:178][  0]LogD3D11RHI:   Driver Version: 376.51 (internal:21.21.13.7651, unified:376.51)
[2019.06.05-03.59.25:178][  0]LogD3D11RHI:      Driver Date: 12-25-2016
[2019.06.05-03.59.25:178][  0]LogRHI: Texture pool is 1394 MB (70% of 1992 MB)
[2019.06.05-03.59.25:187][  0]LogD3D11RHI: Async texture creation enabled
[2019.06.05-03.59.25:202][  0]LogD3D11RHI: GPU Timing Frequency: 1000.000000 (Debug: 2 2)
[2019.06.05-03.59.25:253][  0]LogShaderCompilers: Guid format shader working directory is -1 characters bigger than the processId version (//pub.mme.dongguk.edu/home/GitHub/Assignments/Shoot/Intermediate/Shaders/WorkingDirectory/10324/).
[2019.06.05-03.59.25:253][  0]LogShaderCompilers: Cleaned the shader compiler working directory 'C:/Users/TEMP.A.000/AppData/Local/Temp/UnrealShaderWorkingDir/D954F52C4F3D6F9BFC49839650C1A401/'.
[2019.06.05-03.59.25:253][  0]LogShaderCompilers: Display: Using Local Shader Compiler.
[2019.06.05-03.59.26:212][  0]LogTemp: Display: Loaded TP AllDesktopTargetPlatform
[2019.06.05-03.59.26:321][  0]LogTemp: Display: Loaded TP MacClientTargetPlatform
[2019.06.05-03.59.26:430][  0]LogTemp: Display: Loaded TP MacNoEditorTargetPlatform
[2019.06.05-03.59.26:542][  0]LogTemp: Display: Loaded TP MacServerTargetPlatform
[2019.06.05-03.59.26:650][  0]LogTemp: Display: Loaded TP MacTargetPlatform
[2019.06.05-03.59.26:760][  0]LogTemp: Display: Loaded TP WindowsClientTargetPlatform
[2019.06.05-03.59.26:870][  0]LogTemp: Display: Loaded TP WindowsNoEditorTargetPlatform
[2019.06.05-03.59.26:980][  0]LogTemp: Display: Loaded TP WindowsServerTargetPlatform
[2019.06.05-03.59.27:076][  0]LogTemp: Display: Loaded TP WindowsTargetPlatform
[2019.06.05-03.59.27:182][  0]LogTemp: Display: Loaded TP Android_ASTCTargetPlatform
[2019.06.05-03.59.27:293][  0]LogTemp: Display: Loaded TP Android_ATCTargetPlatform
[2019.06.05-03.59.27:404][  0]LogTemp: Display: Loaded TP Android_DXTTargetPlatform
[2019.06.05-03.59.27:514][  0]LogTemp: Display: Loaded TP Android_ETC1TargetPlatform
[2019.06.05-03.59.27:622][  0]LogTemp: Display: Loaded TP Android_ETC2TargetPlatform
[2019.06.05-03.59.27:867][  0]LogTemp: Display: Loaded TP Android_MultiTargetPlatform
[2019.06.05-03.59.27:868][  0]LogTemp: Display: Loaded TP Android_PVRTCTargetPlatform
[2019.06.05-03.59.27:982][  0]LogTemp: Display: Loaded TP AndroidTargetPlatform
[2019.06.05-03.59.28:065][  0]LogTemp: Display: Loaded TP HTML5TargetPlatform
[2019.06.05-03.59.28:230][  0]LogTemp: Display: Loaded TP IOSTargetPlatform
[2019.06.05-03.59.28:288][  0]LogTemp: Display: Loaded TP TVOSTargetPlatform
[2019.06.05-03.59.28:396][  0]LogTemp: Display: Loaded TP LinuxClientTargetPlatform
[2019.06.05-03.59.28:504][  0]LogTemp: Display: Loaded TP LinuxNoEditorTargetPlatform
[2019.06.05-03.59.28:616][  0]LogTemp: Display: Loaded TP LinuxServerTargetPlatform
[2019.06.05-03.59.28:725][  0]LogTemp: Display: Loaded TP LinuxTargetPlatform
[2019.06.05-03.59.28:725][  0]LogTargetPlatformManager: Display: Building Assets For Windows
[2019.06.05-03.59.29:630][  0]LogDerivedDataCache: Display: Max Cache Size: 512 MB
[2019.06.05-03.59.29:720][  0]LogDerivedDataCache: Loaded boot cache 0.09s 69MB C:/Users/TEMP.A.000/AppData/Local/UnrealEngine/4.18/DerivedDataCache/Boot.ddc.
[2019.06.05-03.59.29:720][  0]LogDerivedDataCache: Display: Loaded Boot cache: C:/Users/TEMP.A.000/AppData/Local/UnrealEngine/4.18/DerivedDataCache/Boot.ddc
[2019.06.05-03.59.29:722][  0]LogDerivedDataCache: FDerivedDataBackendGraph:  Pak pak cache file //pub.mme.dongguk.edu/home/GitHub/Assignments/Shoot/DerivedDataCache/DDC.ddp not found, will not use a pak cache.
[2019.06.05-03.59.29:722][  0]LogDerivedDataCache: Unable to find inner node Pak for hierarchical cache Hierarchy.
[2019.06.05-03.59.29:724][  0]LogDerivedDataCache: FDerivedDataBackendGraph:  CompressedPak pak cache file //pub.mme.dongguk.edu/home/GitHub/Assignments/Shoot/DerivedDataCache/Compressed.ddp not found, will not use a pak cache.
[2019.06.05-03.59.29:724][  0]LogDerivedDataCache: Unable to find inner node CompressedPak for hierarchical cache Hierarchy.
[2019.06.05-03.59.29:740][  0]LogDerivedDataCache: Display: Pak cache opened for reading ../../../Engine/DerivedDataCache/Compressed.ddp.
[2019.06.05-03.59.29:752][  0]LogDerivedDataCache: Using Local data cache path C:/Users/TEMP.A.000/AppData/Local/UnrealEngine/Common/DerivedDataCache: Writable
[2019.06.05-03.59.29:762][  0]LogMaterial: Verifying Global Shaders for PCD3D_SM5
[2019.06.05-03.59.29:763][  0]LogSlate: Using Freetype 2.6.0
[2019.06.05-03.59.29:763][  0]LogSlate: SlateFontCache - WITH_FREETYPE: 1, WITH_HARFBUZZ: 1
[2019.06.05-03.59.29:763][  0]LogSlate: SlateFontCache - WITH_FREETYPE: 1, WITH_HARFBUZZ: 1
[2019.06.05-03.59.30:506][  0]LogInit: Selected Device Profile: [Windows]
[2019.06.05-03.59.31:063][  0]LogSimplygon: Simplygon DLL not present - disabling.
[2019.06.05-03.59.31:148][  0]LogMeshReduction: Using SimplygonSwarm for distributed automatic mesh merging
[2019.06.05-03.59.31:148][  0]LogMeshReduction: Using QuadricMeshReduction for automatic static mesh reduction
[2019.06.05-03.59.31:148][  0]LogMeshReduction: No automatic skeletal mesh reduction module available
[2019.06.05-03.59.31:148][  0]LogMeshReduction: No automatic mesh merging module available
[2019.06.05-03.59.31:148][  0]LogMeshMerging: No automatic mesh merging module available
[2019.06.05-03.59.31:188][  0]LogNetVersion: Shoot , NetCL: 3709383, EngineNetVer: 2, GameNetVer: 0 (Checksum: 364515715)
[2019.06.05-03.59.31:418][  0]LogAssetRegistry: FAssetRegistry took 0.0418 seconds to start up
[2019.06.05-03.59.33:394][  0]LogPackageLocalizationCache: Processed 7 localized package path(s) for 2 prioritized culture(s) in 0.907386 seconds
[2019.06.05-03.59.33:399][  0]LogUObjectArray: 35870 objects as part of root set at end of initial load.
[2019.06.05-03.59.33:399][  0]LogUObjectAllocator: 7363696 out of 0 bytes used by permanent object pool.
[2019.06.05-03.59.33:399][  0]LogUObjectArray: CloseDisregardForGC: 0/0 objects in disregard for GC pool
[2019.06.05-03.59.33:530][  0]LogInit: WinSock: version 1.1 (2.2), MaxSocks=32767, MaxUdp=65467
[2019.06.05-03.59.35:800][  0]LogMaterial: Missing cached shader map for material VRTextMaterial, compiling. 
[2019.06.05-03.59.35:869][  0]LogMaterial: Missing cached shader map for material ArrowMaterial, compiling. 
[2019.06.05-03.59.35:925][  0]LogMaterial: Missing cached shader map for material KeyDiskMaterial, compiling. 
[2019.06.05-03.59.35:941][  0]LogMaterial: Missing cached shader map for material M_ContentWindow, compiling. 
[2019.06.05-03.59.36:003][  0]LogMaterial: Missing cached shader map for material LineMaterial, compiling. 
[2019.06.05-03.59.36:019][  0]LogMaterial: Missing cached shader map for material VRTextMaterial, compiling. 
[2019.06.05-03.59.37:990][  0]LogMaterial: Missing cached shader map for material DefaultSpriteMaterial, compiling. 
[2019.06.05-03.59.38:036][  0]LogMaterial: Missing cached shader map for material DefaultSpriteMaterial, compiling. 
[2019.06.05-03.59.39:650][  0]LogTcpMessaging: Initializing TcpMessaging bridge
[2019.06.05-03.59.39:920][  0]LogUdpMessaging: Initializing bridge on interface 0.0.0.0:0 to multicast group 230.0.0.1:6666.
[2019.06.05-03.59.39:922][  0]LogDirectoryWatcher: A directory notification failed for '//pub.mme.dongguk.edu/home/GitHub/Assignments/Shoot/Content/' because it was empty or there was a buffer overflow. Attemping another request...
[2019.06.05-03.59.41:468][  0]LogMaterial: Missing cached shader map for material DefaultMaterial, compiling. 
[2019.06.05-03.59.43:543][  0]LogMaterial: Missing cached shader map for material BaseColor, compiling. 
[2019.06.05-03.59.43:617][  0]LogMaterial: Missing cached shader map for material CustomDepth, compiling. 
[2019.06.05-03.59.43:746][  0]LogMaterial: Uniform references updated for custom material expression Custom.
[2019.06.05-03.59.43:763][  0]LogMaterial: Missing cached shader map for material CustomStencil, compiling. 
[2019.06.05-03.59.43:795][  0]LogMaterial: Missing cached shader map for material FinalImage, compiling. 
[2019.06.05-03.59.43:819][  0]LogMaterial: Missing cached shader map for material LightingModel, compiling. 
[2019.06.05-03.59.43:920][  0]LogMaterial: Missing cached shader map for material MaterialAO, compiling. 
[2019.06.05-03.59.43:942][  0]LogMaterial: Missing cached shader map for material Metallic, compiling. 
[2019.06.05-03.59.43:962][  0]LogMaterial: Missing cached shader map for material Opacity, compiling. 
[2019.06.05-03.59.43:983][  0]LogMaterial: Missing cached shader map for material Roughness, compiling. 
[2019.06.05-03.59.44:009][  0]LogMaterial: Missing cached shader map for material SceneColor, compiling. 
[2019.06.05-03.59.44:031][  0]LogMaterial: Missing cached shader map for material SceneDepth, compiling. 
[2019.06.05-03.59.44:065][  0]LogMaterial: Missing cached shader map for material SeparateTranslucencyRGB, compiling. 
[2019.06.05-03.59.44:125][  0]LogMaterial: Missing cached shader map for material SeparateTranslucencyA, compiling. 
[2019.06.05-03.59.44:165][  0]LogMaterial: Missing cached shader map for material Specular, compiling. 
[2019.06.05-03.59.44:195][  0]LogMaterial: Missing cached shader map for material SubsurfaceColor, compiling. 
[2019.06.05-03.59.44:222][  0]LogMaterial: Missing cached shader map for material WorldNormal, compiling. 
[2019.06.05-03.59.44:276][  0]LogMaterial: Missing cached shader map for material AmbientOcclusion, compiling. 
[2019.06.05-03.59.44:329][  0]LogMaterial: Missing cached shader map for material CustomDepthWorldUnits, compiling. 
[2019.06.05-03.59.44:414][  0]LogMaterial: Missing cached shader map for material SceneDepthWorldUnits, compiling. 
[2019.06.05-03.59.44:447][  0]LogMaterial: Missing cached shader map for material PreTonemapHDRColor, compiling. 
[2019.06.05-03.59.44:479][  0]LogMaterial: Missing cached shader map for material PostTonemapHDRColor, compiling. 
[2019.06.05-03.59.46:441][  0]SourceControl: 소스 콘트롤이 꺼졌습니다.
[2019.06.05-03.59.46:441][  0]SourceControl: 소스 콘트롤이 꺼졌습니다.
[2019.06.05-03.59.46:753][  0]SourceControl: 소스 콘트롤이 꺼졌습니다.
[2019.06.05-03.59.47:012][  0]SourceControl: 소스 콘트롤이 꺼졌습니다.
[2019.06.05-03.59.49:319][  0]LogMaterial: Missing cached shader map for material DefaultMediaPlaneMaterial, compiling. 
[2019.06.05-03.59.50:552][  0]LogAndroidPermission: UAndroidPermissionCallbackProxy::GetInstance
[2019.06.05-03.59.51:734][  0]LogOcInput: OculusInput pre-init called
[2019.06.05-03.59.52:632][  0]LogMaterial: Missing cached shader map for material HighResScreenshot, compiling. 
[2019.06.05-03.59.52:665][  0]LogMaterial: Missing cached shader map for material HighResScreenshotMask, compiling. 
[2019.06.05-03.59.52:754][  0]LogMaterial: Missing cached shader map for material HighResScreenshotCaptureRegion, compiling. 
[2019.06.05-03.59.52:936][  0]LogEngine: Initializing Engine...
[2019.06.05-03.59.52:939][  0]LogHMD: Failed to initialize OpenVR with code 110
[2019.06.05-03.59.52:956][  0]LogMaterial: Missing cached shader map for material WireframeMaterial, compiling. Is special engine material.
[2019.06.05-03.59.53:243][  0]LogMaterial: Missing cached shader map for material LevelColorationLitMaterial, compiling. Is special engine material.
[2019.06.05-03.59.53:980][  0]LogMaterial: Missing cached shader map for material LevelColorationUnlitMaterial, compiling. Is special engine material.
[2019.06.05-03.59.54:314][  0]LogMaterial: Missing cached shader map for material MAT_LevelColorationLitLightmapUV, compiling. Is special engine material.
[2019.06.05-03.59.55:410][  0]LogMaterial: Missing cached shader map for material ShadedLevelColorationLitMaterial, compiling. Is special engine material.
[2019.06.05-03.59.56:179][  0]LogMaterial: Missing cached shader map for material ShadedLevelColorationUnlitMateri, compiling. Is special engine material.
[2019.06.05-03.59.56:608][  0]LogMaterial: Missing cached shader map for material VertexColorMaterial, compiling. 
[2019.06.05-03.59.56:925][  0]LogMaterial: Missing cached shader map for material VertexColorViewMode_ColorOnly, compiling. 
[2019.06.05-03.59.56:973][  0]LogMaterial: Missing cached shader map for material VertexColorViewMode_AlphaAsColor, compiling. 
[2019.06.05-03.59.57:008][  0]LogMaterial: Missing cached shader map for material VertexColorViewMode_RedOnly, compiling. 
[2019.06.05-03.59.57:091][  0]LogMaterial: Missing cached shader map for material VertexColorViewMode_GreenOnly, compiling. 
[2019.06.05-03.59.57:133][  0]LogMaterial: Missing cached shader map for material VertexColorViewMode_BlueOnly, compiling. 
[2019.06.05-03.59.57:174][  0]LogMaterial: Missing cached shader map for material RemoveSurfaceMaterial, compiling. 
[2019.06.05-03.59.57:196][  0]LogMaterial: Missing cached shader map for material DebugMeshMaterial, compiling. 
[2019.06.05-03.59.57:245][  0]LogMaterial: Missing cached shader map for material M_InvalidLightmapSettings, compiling. 
[2019.06.05-03.59.57:338][  0]LogMaterial: Missing cached shader map for material GizmoMaterial, compiling. 
[2019.06.05-03.59.57:455][  0]LogMaterial: Missing cached shader map for material PhAT_JointLimitMaterial, compiling. 
[2019.06.05-03.59.57:509][  0]LogMaterial: Missing cached shader map for material GeomMaterial, compiling. 
[2019.06.05-03.59.57:551][  0]LogMaterial: Missing cached shader map for material EditorBrushMaterial, compiling. 
[2019.06.05-03.59.57:603][  0]LogMaterial: Missing cached shader map for material BoneWeightMaterial, compiling. 
[2019.06.05-03.59.57:729][  0]LogMaterial: Missing cached shader map for material ClothMaterial, compiling. 
[2019.06.05-03.59.57:771][  0]LogMaterial: Missing cached shader map for material ClothMaterial_WF, compiling. 
[2019.06.05-03.59.57:925][  0]LogMaterial: Missing cached shader map for material DebugEditorMaterial, compiling. 
[2019.06.05-03.59.57:983][  0]LogMaterial: Missing cached shader map for material PreviewShadowIndicatorMaterial, compiling. 
[2019.06.05-03.59.58:794][  0]LogStats: UGameplayTagsManager::ConstructGameplayTagTree: Construct from data asset -  0.000 s
[2019.06.05-03.59.58:794][  0]LogStats: UGameplayTagsManager::ConstructGameplayTagTree: GameplayTagTreeChangedEvent.Broadcast -  0.000 s
[2019.06.05-03.59.59:247][  0]LogAIModule: Creating AISystem for world Untitled
[2019.06.05-03.59.59:460][  0]LogInit: XAudio2 using '스피커(Realtek High Definition Audio)' : 2 channels at 48 kHz using 32 bits per sample (channel mask 0x3)
[2019.06.05-04.00.00:602][  0]LogInit: FAudioDevice initialized.
[2019.06.05-04.00.00:704][  0]LogDerivedDataCache: Saved boot cache 0.10s 71MB C:/Users/TEMP.A.000/AppData/Local/UnrealEngine/4.18/DerivedDataCache/Boot.ddc.
[2019.06.05-04.00.00:718][  0]LogInit: Texture streaming: Enabled
[2019.06.05-04.00.00:982][  0]LogEngineSessionManager: EngineSessionManager initialized
[2019.06.05-04.00.01:356][  0]LogInit: Transaction tracking system initialized
[2019.06.05-04.00.02:457][  0]BlueprintLog: New page: 에디터 로드
[2019.06.05-04.00.06:381][  0]LocalizationService: 현지화 서비스가 비활성화되었습니다.
[2019.06.05-04.00.09:060][  0]LogConsoleResponse: Display: 
[2019.06.05-04.00.09:356][  0]LogMaterial: Missing cached shader map for material Cross_Mat, compiling. 
[2019.06.05-04.00.09:515][  0]LogMaterial: Missing cached shader map for material PhAT_BoneSelectedMaterial, compiling. 
[2019.06.05-04.00.09:549][  0]LogMaterial: Missing cached shader map for material PhAT_ElemSelectedMaterial, compiling. 
[2019.06.05-04.00.09:567][  0]LogMaterial: Missing cached shader map for material PhAT_NoCollisionMaterial, compiling. 
[2019.06.05-04.00.09:586][  0]LogMaterial: Missing cached shader map for material PhAT_UnselectedMaterial, compiling. 
[2019.06.05-04.00.09:609][  0]LogMaterial: Missing cached shader map for material Tick_Mat, compiling. 
[2019.06.05-04.00.09:657][  0]LogMaterial: Missing cached shader map for material WidgetGridVertexColorMaterial_Ma, compiling. 
[2019.06.05-04.00.09:683][  0]LogMaterial: Missing cached shader map for material WidgetMaterial, compiling. 
[2019.06.05-04.00.09:707][  0]LogMaterial: Missing cached shader map for material WidgetMaterial_Current, compiling. 
[2019.06.05-04.00.09:737][  0]LogMaterial: Missing cached shader map for material WidgetMaterial_X, compiling. 
[2019.06.05-04.00.09:763][  0]LogMaterial: Missing cached shader map for material WidgetMaterial_Y, compiling. 
[2019.06.05-04.00.09:784][  0]LogMaterial: Missing cached shader map for material WidgetMaterial_Z, compiling. 
[2019.06.05-04.00.09:906][  0]LogMaterial: Missing cached shader map for material WidgetVertexColorMaterial, compiling. 
[2019.06.05-04.00.10:064][  0]LogMaterial: Missing cached shader map for material LevelGridMaterial, compiling. 
[2019.06.05-04.00.10:277][  0]LogMaterial: Missing cached shader map for material BlinkingCaret, compiling. 
[2019.06.05-04.00.10:444][  0]LogMaterial: Missing cached shader map for material M_StreamingPause, compiling. 
[2019.06.05-04.00.11:019][  0]LogCook: Display: Max memory allowance for cook 16384mb min free memory 0mb
[2019.06.05-04.00.11:019][  0]LogCook: Display: Mobile HDR setting 1
[2019.06.05-04.00.11:020][  0]LogGameplayTags: Display: UGameplayTagsManager::DoneAddingNativeTags. DelegateIsBound: 0
[2019.06.05-04.00.12:111][  0]LogFileCache: Scanning file cache for directory '//pub.mme.dongguk.edu/home/GitHub/Assignments/Shoot/Content/' took 0.46s
[2019.06.05-04.00.14:975][  0]SourceControl: 소스 콘트롤이 꺼졌습니다.
[2019.06.05-04.00.14:975][  0]Cmd: MAP LOAD FILE="//pub.mme.dongguk.edu/home/GitHub/Assignments/Shoot/Content/FirstPersonBP/Maps/FirstPersonExampleMap.umap" TEMPLATE=0 SHOWPROGRESS=1 FEATURELEVEL=3
[2019.06.05-04.00.15:035][  0]LightingResults: New page: 라이팅 빌드
[2019.06.05-04.00.15:182][  0]MapCheck: New page: 맵 체크
[2019.06.05-04.00.15:182][  0]LightingResults: New page: 라이팅 빌드
[2019.06.05-04.00.36:756][  0]LogTexture: Display: 텍스처 빌드: T_ML_Rubber_Blue_01_N (BC5, 512X512)
[2019.06.05-04.00.36:756][  0]LogTexture: Display: 텍스처 빌드: T_ML_Rubber_Blue_01_D (DXT1, 512X512)
[2019.06.05-04.00.36:766][  0]LogAnimationCompression: Building Anim DDC data for AnimSequence /Game/AnimStarterPack/Idle_Rifle_Hip.Idle_Rifle_Hip
[2019.06.05-04.00.36:766][  0]LogAnimationCompression: Recompressing (AnimSequence /Game/AnimStarterPack/Idle_Rifle_Hip.Idle_Rifle_Hip) using current/default (AnimCompress_BitwiseCompressOnly_30) bFirstRecompressUsingCurrentOrDefault(1) bTryAlternateCompressor(0) IsCompressedDataValid(0)
[2019.06.05-04.00.36:771][  0]LogAnimationCompression: Building Anim DDC data for AnimSequence /Game/AnimStarterPack/Jump_From_Jog.Jump_From_Jog
[2019.06.05-04.00.36:771][  0]LogAnimationCompression: Recompressing (AnimSequence /Game/AnimStarterPack/Jump_From_Jog.Jump_From_Jog) using current/default (AnimCompress_BitwiseCompressOnly_38) bFirstRecompressUsingCurrentOrDefault(1) bTryAlternateCompressor(0) IsCompressedDataValid(0)
[2019.06.05-04.00.36:773][  0]LogAnimationCompression: Building Anim DDC data for AnimSequence /Game/AnimStarterPack/Jump_From_Stand.Jump_From_Stand
[2019.06.05-04.00.36:773][  0]LogAnimationCompression: Recompressing (AnimSequence /Game/AnimStarterPack/Jump_From_Stand.Jump_From_Stand) using current/default (AnimCompress_BitwiseCompressOnly_39) bFirstRecompressUsingCurrentOrDefault(1) bTryAlternateCompressor(0) IsCompressedDataValid(0)
[2019.06.05-04.00.36:774][  0]LogAnimationCompression: Building Anim DDC data for AnimSequence /Game/AnimStarterPack/Crouch_Walk_Fwd_Rifle_Hip.Crouch_Walk_Fwd_Rifle_Hip
[2019.06.05-04.00.36:774][  0]LogAnimationCompression: Recompressing (AnimSequence /Game/AnimStarterPack/Crouch_Walk_Fwd_Rifle_Hip.Crouch_Walk_Fwd_Rifle_Hip) using current/default (AnimCompress_BitwiseCompressOnly_8) bFirstRecompressUsingCurrentOrDefault(1) bTryAlternateCompressor(0) IsCompressedDataValid(0)
[2019.06.05-04.00.36:777][  0]LogAnimationCompression: Building Anim DDC data for AnimSequence /Game/AnimStarterPack/Crouch_Walk_Bwd_Rifle_Hip.Crouch_Walk_Bwd_Rifle_Hip
[2019.06.05-04.00.36:778][  0]LogAnimationCompression: Recompressing (AnimSequence /Game/AnimStarterPack/Crouch_Walk_Bwd_Rifle_Hip.Crouch_Walk_Bwd_Rifle_Hip) using current/default (AnimCompress_BitwiseCompressOnly_6) bFirstRecompressUsingCurrentOrDefault(1) bTryAlternateCompressor(0) IsCompressedDataValid(0)
[2019.06.05-04.00.36:779][  0]LogAnimationCompression: Building Anim DDC data for AnimSequence /Game/AnimStarterPack/Crouch_Walk_Rt_Rifle_Hip.Crouch_Walk_Rt_Rifle_Hip
[2019.06.05-04.00.36:779][  0]LogAnimationCompression: Recompressing (AnimSequence /Game/AnimStarterPack/Crouch_Walk_Rt_Rifle_Hip.Crouch_Walk_Rt_Rifle_Hip) using current/default (AnimCompress_BitwiseCompressOnly_12) bFirstRecompressUsingCurrentOrDefault(1) bTryAlternateCompressor(0) IsCompressedDataValid(0)
[2019.06.05-04.00.36:780][  0]LogAnimationCompression: Building Anim DDC data for AnimSequence /Game/AnimStarterPack/Crouch_Walk_Lt_Rifle_Hip.Crouch_Walk_Lt_Rifle_Hip
[2019.06.05-04.00.36:780][  0]LogAnimationCompression: Recompressing (AnimSequence /Game/AnimStarterPack/Crouch_Walk_Lt_Rifle_Hip.Crouch_Walk_Lt_Rifle_Hip) using current/default (AnimCompress_BitwiseCompressOnly_10) bFirstRecompressUsingCurrentOrDefault(1) bTryAlternateCompressor(0) IsCompressedDataValid(0)
[2019.06.05-04.00.36:783][  0]LogAnimationCompression: Building Anim DDC data for AnimSequence /Game/AnimStarterPack/Jog_Lt_Rifle.Jog_Lt_Rifle
[2019.06.05-04.00.36:783][  0]LogAnimationCompression: Recompressing (AnimSequence /Game/AnimStarterPack/Jog_Lt_Rifle.Jog_Lt_Rifle) using current/default (AnimCompress_BitwiseCompressOnly_0) bFirstRecompressUsingCurrentOrDefault(1) bTryAlternateCompressor(0) IsCompressedDataValid(0)
[2019.06.05-04.00.36:784][  0]LogAnimationCompression: Building Anim DDC data for AnimSequence /Game/AnimStarterPack/Jog_Fwd_Rifle.Jog_Fwd_Rifle
[2019.06.05-04.00.36:784][  0]LogAnimationCompression: Recompressing (AnimSequence /Game/AnimStarterPack/Jog_Fwd_Rifle.Jog_Fwd_Rifle) using current/default (AnimCompress_BitwiseCompressOnly_35) bFirstRecompressUsingCurrentOrDefault(1) bTryAlternateCompressor(0) IsCompressedDataValid(0)
[2019.06.05-04.00.36:787][  0]LogAnimationCompression: Building Anim DDC data for AnimSequence /Game/AnimStarterPack/Jog_Rt_Rifle.Jog_Rt_Rifle
[2019.06.05-04.00.36:788][  0]LogAnimationCompression: Recompressing (AnimSequence /Game/AnimStarterPack/Jog_Rt_Rifle.Jog_Rt_Rifle) using current/default (AnimCompress_BitwiseCompressOnly_37) bFirstRecompressUsingCurrentOrDefault(1) bTryAlternateCompressor(0) IsCompressedDataValid(0)
[2019.06.05-04.00.36:788][  0]LogAnimationCompression: Building Anim DDC data for AnimSequence /Game/AnimStarterPack/Jog_Bwd_Rifle.Jog_Bwd_Rifle
[2019.06.05-04.00.36:789][  0]LogAnimationCompression: Recompressing (AnimSequence /Game/AnimStarterPack/Jog_Bwd_Rifle.Jog_Bwd_Rifle) using current/default (AnimCompress_BitwiseCompressOnly_34) bFirstRecompressUsingCurrentOrDefault(1) bTryAlternateCompressor(0) IsCompressedDataValid(0)
[2019.06.05-04.00.36:797][  0]LogAnimationCompression: Building Anim DDC data for AnimSequence /Game/AnimStarterPack/Crouch_Idle_Rifle_Hip.Crouch_Idle_Rifle_Hip
[2019.06.05-04.00.36:798][  0]LogAnimationCompression: Recompressing (AnimSequence /Game/AnimStarterPack/Crouch_Idle_Rifle_Hip.Crouch_Idle_Rifle_Hip) using current/default (AnimCompress_BitwiseCompressOnly_2) bFirstRecompressUsingCurrentOrDefault(1) bTryAlternateCompressor(0) IsCompressedDataValid(0)
[2019.06.05-04.00.38:112][  0]LogTexture: Display: 텍스처 빌드: UE4Man_Logo_N (BC5, 512X512)
[2019.06.05-04.00.38:112][  0]LogTexture: Display: 텍스처 빌드: UE4_Mannequin_occlusion_Mobile (DXT1, 512X512)
[2019.06.05-04.00.38:112][  0]LogTexture: Display: 텍스처 빌드: UE4_Mannequin_MAT_MASKA (AutoDXT, 1024X1024)
[2019.06.05-04.00.38:112][  0]LogTexture: Display: 텍스처 빌드: T_ML_Aluminum01_N (BC5, 512X512)
[2019.06.05-04.00.38:113][  0]LogTexture: Display: 텍스처 빌드: T_ML_Aluminum01 (DXT1, 512X512)
[2019.06.05-04.00.38:113][  0]LogTexture: Display: 텍스처 빌드: HQ_Lightmap0_1 (AutoDXT, 2048X2048)
[2019.06.05-04.00.38:130][  0]LogMaterial: Missing cached shader map for material M_Sky_Panning_Clouds2, compiling. 
[2019.06.05-04.00.38:148][  0]LogMaterial: Missing cached shader map for material M_Heat_Distortion, compiling. 
[2019.06.05-04.00.38:434][  0]LogTexture: Display: 텍스처 빌드: UE4_Mannequin__normals (BC5, 2048X2048)
[2019.06.05-04.00.38:434][  0]LogMaterial: Missing cached shader map for material M_Radial_Gradient, compiling. 
[2019.06.05-04.00.38:540][  0]LogMaterial: Missing cached shader map for material M_smoke_subUV, compiling. 
[2019.06.05-04.00.38:757][  0]LogMaterial: Missing cached shader map for material M_Fire_SubUV, compiling. 
[2019.06.05-04.00.38:967][  0]LogMaterial: Missing cached shader map for material M_UE4Man_Body, compiling. 
[2019.06.05-04.00.39:126][  0]LogMaterial: Missing cached shader map for material M_UE4Man_Body, compiling. 
[2019.06.05-04.00.40:532][  0]LogTexture: Display: 텍스처 빌드: HQ_Lightmap0_2 (AutoDXT, 2048X2048)
[2019.06.05-04.00.43:388][  0]LogTexture: Display: 텍스처 빌드: HQ_Lightmap0_3 (AutoDXT, 2048X2048)
[2019.06.05-04.00.43:388][  0]LogTexture: Display: 텍스처 빌드: HQ_Lightmap0_4 (AutoDXT, 2048X2048)
[2019.06.05-04.00.43:388][  0]LogTexture: Display: 텍스처 빌드: HQ_Lightmap0_5 (AutoDXT, 64X64)
[2019.06.05-04.00.43:388][  0]LogTexture: Display: 텍스처 빌드: LQ_Lightmap_0_1 (DXT1, 2048X2048)
[2019.06.05-04.00.43:388][  0]LogTexture: Display: 텍스처 빌드: LQ_Lightmap_0_2 (DXT1, 2048X2048)
[2019.06.05-04.00.43:388][  0]LogTexture: Display: 텍스처 빌드: LQ_Lightmap_0_3 (DXT1, 2048X2048)
[2019.06.05-04.00.44:574][  0]LogTexture: Display: 텍스처 빌드: LQ_Lightmap_0_4 (DXT1, 2048X2048)
[2019.06.05-04.00.44:574][  0]LogTexture: Display: 텍스처 빌드: LQ_Lightmap_0_5 (DXT1, 64X64)
[2019.06.05-04.00.44:574][  0]LogTexture: Display: 텍스처 빌드: SkyOcclusion0_1 (AutoDXT, 2048X1024)
[2019.06.05-04.00.44:574][  0]LogTexture: Display: 텍스처 빌드: SkyOcclusion0_2 (AutoDXT, 2048X1024)
[2019.06.05-04.00.44:574][  0]LogTexture: Display: 텍스처 빌드: SkyOcclusion0_3 (AutoDXT, 2048X1024)
[2019.06.05-04.00.45:468][  0]LogTexture: Display: 텍스처 빌드: SkyOcclusion0_4 (AutoDXT, 2048X1024)
[2019.06.05-04.00.45:468][  0]LogTexture: Display: 텍스처 빌드: SkyOcclusion0_5 (AutoDXT, 64X32)
[2019.06.05-04.00.45:468][  0]LogTexture: Display: 텍스처 빌드: ShadowMapTexture2D_0 (G8, 2048X1024)
[2019.06.05-04.00.45:468][  0]LogTexture: Display: 텍스처 빌드: ShadowMapTexture2D_1 (G8, 2048X1024)
[2019.06.05-04.00.45:468][  0]LogTexture: Display: 텍스처 빌드: ShadowMapTexture2D_2 (G8, 2048X1024)
[2019.06.05-04.00.45:468][  0]LogTexture: Display: 텍스처 빌드: ShadowMapTexture2D_3 (G8, 2048X1024)
[2019.06.05-04.00.45:468][  0]LogTexture: Display: 텍스처 빌드: ShadowMapTexture2D_4 (G8, 2048X1024)
[2019.06.05-04.00.45:468][  0]LogTexture: Display: 텍스처 빌드: ShadowMapTexture2D_5 (G8, 2048X1024)
[2019.06.05-04.00.45:468][  0]LogTexture: Display: 텍스처 빌드: ShadowMapTexture2D_6 (G8, 2048X1024)
[2019.06.05-04.00.45:468][  0]LogTexture: Display: 텍스처 빌드: ShadowMapTexture2D_7 (G8, 64X32)
[2019.06.05-04.00.45:468][  0]LogMaterial: Missing cached shader map for material AntiAliasedTextMaterialTranslucent, compiling. 
[2019.06.05-04.00.45:529][  0]LogAnimationCompression: Building Anim DDC data for AnimSequence /Game/AnimStarterPack/Stand_to_Crouch_Rifle_Hip.Stand_to_Crouch_Rifle_Hip
[2019.06.05-04.00.45:529][  0]LogAnimationCompression: Recompressing (AnimSequence /Game/AnimStarterPack/Stand_to_Crouch_Rifle_Hip.Stand_to_Crouch_Rifle_Hip) using current/default (AnimCompress_BitwiseCompressOnly_0) bFirstRecompressUsingCurrentOrDefault(1) bTryAlternateCompressor(0) IsCompressedDataValid(0)
[2019.06.05-04.00.45:530][  0]LogAnimationCompression: Building Anim DDC data for AnimSequence /Game/AnimStarterPack/Crouch_to_Stand_Rifle_Hip.Crouch_to_Stand_Rifle_Hip
[2019.06.05-04.00.45:530][  0]LogAnimationCompression: Recompressing (AnimSequence /Game/AnimStarterPack/Crouch_to_Stand_Rifle_Hip.Crouch_to_Stand_Rifle_Hip) using current/default (AnimCompress_BitwiseCompressOnly_4) bFirstRecompressUsingCurrentOrDefault(1) bTryAlternateCompressor(0) IsCompressedDataValid(0)
[2019.06.05-04.00.45:564][  0]LogMaterial: Missing cached shader map for material NewMaterial, compiling. 
[2019.06.05-04.00.45:620][  0]LogMaterial: Missing cached shader map for material BasicShapeMaterial, compiling. 
[2019.06.05-04.00.45:714][  0]LogMaterial: Missing cached shader map for material M_explosion_subUV, compiling. 
[2019.06.05-04.00.45:745][  0]LogMaterial: Missing cached shader map for material M_Burst, compiling. 
[2019.06.05-04.00.45:780][  0]LogMaterial: Missing cached shader map for material m_flare_01, compiling. 
[2019.06.05-04.00.45:817][  0]LogMaterial: Missing cached shader map for material M_radial_ramp, compiling. 
[2019.06.05-04.00.45:861][  0]LogMaterial: Missing cached shader map for material CubeMaterial, compiling. 
[2019.06.05-04.00.45:896][  0]LogMaterial: Missing cached shader map for material BaseMaterial, compiling. 
[2019.06.05-04.00.45:977][  0]LogAIModule: Creating AISystem for world FirstPersonExampleMap
[2019.06.05-04.00.46:219][  0]LogEditorServer: Finished looking for orphan Actors (0.000 secs)
[2019.06.05-04.00.46:296][  0]Cmd: MAP CHECKDEP NOCLEARLOG
[2019.06.05-04.00.48:655][  0]MapCheck: 맵 체크 완료: 오류 0 회, 경고 0 회, 소요 시간 2,358.525ms.
[2019.06.05-04.00.48:655][  0]LogFileHelpers: Loading map 'FirstPersonExampleMap' took 33.689
[2019.06.05-04.00.49:208][  0]LogCollectionManager: Loaded 0 collections in 0.238045 seconds
[2019.06.05-04.00.49:880][  0]LogFileCache: Scanning file cache for directory '//pub.mme.dongguk.edu/home/GitHub/Assignments/Shoot/Saved/Collections/' took 0.02s
[2019.06.05-04.00.49:880][  0]LogFileCache: Scanning file cache for directory '//pub.mme.dongguk.edu/home/GitHub/Assignments/Shoot/Content/Developers/s2014112564/Collections/' took 0.02s
[2019.06.05-04.00.49:880][  0]LogFileCache: Scanning file cache for directory '//pub.mme.dongguk.edu/home/GitHub/Assignments/Shoot/Content/Collections/' took 0.02s
[2019.06.05-04.00.49:880][  0]LogCollectionManager: Rebuilt the GUID cache for 0 collections in 0.000000 seconds
[2019.06.05-04.00.49:906][  0]LogContentBrowser: Native class hierarchy populated in 0.0248 seconds. Added 2363 classes and 519 folders.
[2019.06.05-04.00.50:474][  0]LogContentBrowser: Native class hierarchy updated for 'WidgetCarousel' in 0.0008 seconds. Added 0 classes and 0 folders.
[2019.06.05-04.00.50:667][  0]LogContentBrowser: Native class hierarchy updated for 'AddContentDialog' in 0.0009 seconds. Added 0 classes and 0 folders.
[2019.06.05-04.00.51:352][  0]LogContentBrowser: Native class hierarchy updated for 'SceneOutliner' in 0.0009 seconds. Added 1 classes and 2 folders.
[2019.06.05-04.00.51:960][  0]LogContentBrowser: Native class hierarchy updated for 'HierarchicalLODOutliner' in 0.0016 seconds. Added 1 classes and 2 folders.
[2019.06.05-04.00.51:960][  0]LogLoad: (Engine Initialization) Total time: 96.94 seconds
[2019.06.05-04.00.51:960][  0]LogLoad: (Engine Initialization) Total Blueprint compile time: 0.00 seconds
[2019.06.05-04.00.51:960][  0]LogExternalProfiler: Found external profiler: VSPerf
[2019.06.05-04.00.51:960][  0]LogExternalProfiler: Using external profiler: VSPerf
[2019.06.05-04.00.51:994][  0]LogContentStreaming: Texture pool size now 1000 MB
[2019.06.05-04.00.51:995][  0]LogSlate: Took 0.000219 seconds to synchronously load lazily loaded font '../../../Engine/Content/Slate/Fonts/Roboto-Regular.ttf' (155K)
[2019.06.05-04.00.52:000][  0]LogSlate: Took 0.004093 seconds to synchronously load lazily loaded font '../../../Engine/Content/Slate/Fonts/NanumGothic.ttf' (4243K)
[2019.06.05-04.00.52:001][  0]LogSlate: Took 0.000282 seconds to synchronously load lazily loaded font '../../../Engine/Content/Slate/Fonts/Roboto-Bold.ttf' (160K)
[2019.06.05-04.00.52:006][  0]LogSlate: Took 0.001303 seconds to synchronously load lazily loaded font '../../../Engine/Content/Editor/Slate/Fonts/FontAwesome.ttf' (139K)
[2019.06.05-04.00.52:333][  0]LogMaterial: Missing cached shader map for material LevelGridMaterial2, compiling. 
[2019.06.05-04.00.52:743][  0]LogRenderer: Reallocating scene render targets to support 1108x400 Format 10 NumSamples 1 (Frame:1).
[2019.06.05-04.00.52:743][  0]LogSlate: Took 0.001749 seconds to synchronously load lazily loaded font '../../../Engine/Content/Slate/Fonts/Roboto-Light.ttf' (159K)
[2019.06.05-04.00.53:188][  1]LogAssetRegistry: Asset discovery search completed in 81.8101 seconds
[2019.06.05-04.00.53:192][  1]LogCollectionManager: Rebuilt the object cache for 0 collections in 0.000001 seconds (found 0 objects)
[2019.06.05-04.00.53:192][  1]LogCollectionManager: Fixed up redirectors for 0 collections in 0.000132 seconds (updated 0 objects)
[2019.06.05-04.00.53:483][  5]LogDirectoryWatcher: A directory notification failed for '//pub.mme.dongguk.edu/home/GitHub/Assignments/Shoot/Content/' because it was empty or there was a buffer overflow. Attemping another request...
[2019.06.05-04.00.53:484][  5]LogDirectoryWatcher: A directory notification failed for '//pub.mme.dongguk.edu/home/GitHub/Assignments/Shoot/Content/', and we were unable to create a new request.
[2019.06.05-04.00.53:484][  5]LogDirectoryWatcher: A directory notification failed for '//pub.mme.dongguk.edu/home/GitHub/Assignments/Shoot/Saved/Collections/' because it was empty or there was a buffer overflow. Attemping another request...
[2019.06.05-04.00.53:484][  5]LogDirectoryWatcher: A directory notification failed for '//pub.mme.dongguk.edu/home/GitHub/Assignments/Shoot/Content/Collections/' because it was empty or there was a buffer overflow. Attemping another request...
[2019.06.05-04.00.53:485][  5]LogDirectoryWatcher: A directory notification failed for '//pub.mme.dongguk.edu/home/GitHub/Assignments/Shoot/Content/Developers/s2014112564/Collections/' because it was empty or there was a buffer overflow. Attemping another request...
[2019.06.05-04.00.53:509][  7]LogDirectoryWatcher: A directory notification failed for '//pub.mme.dongguk.edu/home/GitHub/Assignments/Shoot/Saved/Collections/' because it was empty or there was a buffer overflow. Attemping another request...
[2019.06.05-04.00.53:510][  7]LogDirectoryWatcher: A directory notification failed for '//pub.mme.dongguk.edu/home/GitHub/Assignments/Shoot/Saved/Collections/', and we were unable to create a new request.
[2019.06.05-04.00.53:510][  7]LogDirectoryWatcher: A directory notification failed for '//pub.mme.dongguk.edu/home/GitHub/Assignments/Shoot/Content/Collections/' because it was empty or there was a buffer overflow. Attemping another request...
[2019.06.05-04.00.53:511][  7]LogDirectoryWatcher: A directory notification failed for '//pub.mme.dongguk.edu/home/GitHub/Assignments/Shoot/Content/Collections/', and we were unable to create a new request.
[2019.06.05-04.00.53:511][  7]LogDirectoryWatcher: A directory notification failed for '//pub.mme.dongguk.edu/home/GitHub/Assignments/Shoot/Content/Developers/s2014112564/Collections/' because it was empty or there was a buffer overflow. Attemping another request...
[2019.06.05-04.00.53:512][  7]LogDirectoryWatcher: A directory notification failed for '//pub.mme.dongguk.edu/home/GitHub/Assignments/Shoot/Content/Developers/s2014112564/Collections/', and we were unable to create a new request.
[2019.06.05-04.00.54:940][ 81]LogRenderer: Reallocating scene render targets to support 1208x576 Format 10 NumSamples 1 (Frame:79).
[2019.06.05-04.00.56:658][136]LogEditorViewport: Clicking on Actor (LMB): EnemyAI_C (EnemyAI)
[2019.06.05-04.01.38:569][281]LogSlate: Took 0.000260 seconds to synchronously load lazily loaded font '../../../Engine/Content/Slate/Fonts/Roboto-Light.ttf' (159K)
[2019.06.05-04.02.05:958][324]LogStreaming: Warning: Took 1160.74ms to ProcessLoadedPackages
[2019.06.05-04.03.03:569][400]LogStreaming: Warning: Took 363.59ms to ProcessLoadedPackages
[2019.06.05-04.04.21:483][608]LogSlate: Took 0.000231 seconds to synchronously load lazily loaded font '../../../Engine/Content/Slate/Fonts/Roboto-Light.ttf' (159K)
[2019.06.05-04.04.23:441][608]LogSlate: Took 0.000232 seconds to synchronously load lazily loaded font '../../../Engine/Content/Slate/Fonts/Roboto-Regular.ttf' (155K)
[2019.06.05-04.04.23:651][608]LogContentBrowser: Native class hierarchy updated for 'BlueprintGraph' in 0.0025 seconds. Added 116 classes and 0 folders.
[2019.06.05-04.04.24:344][608]LogMaterial: Missing cached shader map for material GridMaterial, compiling. 
[2019.06.05-04.04.24:441][608]LogMaterial: Missing cached shader map for material PersonaFloorMat, compiling. 
[2019.06.05-04.04.29:975][717]LogSlate: Took 0.002232 seconds to synchronously load lazily loaded font '../../../Engine/Content/Editor/Slate/Fonts/Roboto-BoldCondensed.ttf' (158K)
[2019.06.05-04.05.07:645][955]LogSlate: Took 0.001649 seconds to synchronously load lazily loaded font '../../../Engine/Content/Editor/Slate/Fonts/Roboto-Italic.ttf' (157K)
[2019.06.05-04.05.11:685][ 88]LogEditorViewport: Clicking on Actor (LMB): StaticMeshActor (EditorCube18)
[2019.06.05-04.05.12:126][107]LogEditorViewport: Clicking on Actor (LMB): FirstPersonCharacter_C (FirstPersonCharacter)
[2019.06.05-04.08.25:827][701]LogBlueprint: Warning: [Compiler ] 붙여넣은  CustomEvent  노드가  Custom Event_0  노드와 충돌되어 커스텀 이벤트로 대체했습니다!
[2019.06.05-04.10.57:152][871]LogSavePackage: Save=3065.34ms
[2019.06.05-04.10.57:152][871]LogSavePackage: Moving '//pub.mme.dongguk.edu/home/GitHub/Assignments/Shoot/Saved/FirstPersonExampleMap_Auto1CA95A9D04AC07AD57C43AA9E40CE7480.tmp' to '//pub.mme.dongguk.edu/home/GitHub/Assignments/Shoot/Saved/Autosaves/Game/FirstPersonBP/Maps/FirstPersonExampleMap_Auto1.umap'
[2019.06.05-04.10.57:212][871]LogSavePackage: Display: Finished SavePackage //pub.mme.dongguk.edu/home/GitHub/Assignments/Shoot/Saved/Autosaves/Game/FirstPersonBP/Maps/FirstPersonExampleMap_Auto1.umap
[2019.06.05-04.10.57:230][871]LogFileHelpers: Editor autosave (incl. sublevels) for '/Game/FirstPersonBP/Maps/FirstPersonExampleMap' took 5.016
[2019.06.05-04.10.57:230][871]LogFileHelpers: Editor autosave (incl. sublevels) for all levels took 5.016
[2019.06.05-04.10.57:250][871]OBJ SavePackage: Generating thumbnails for [0] asset(s) in package [/Game/FirstPersonBP/Blueprints/FirstPersonCharacter] ([1] browsable assets)...
[2019.06.05-04.10.57:250][871]OBJ SavePackage: Finished generating thumbnails for package [/Game/FirstPersonBP/Blueprints/FirstPersonCharacter]
[2019.06.05-04.11.00:288][871]LogSavePackage: Save=2661.23ms
[2019.06.05-04.11.00:289][871]LogSavePackage: Moving '//pub.mme.dongguk.edu/home/GitHub/Assignments/Shoot/Saved/FirstPersonCharacter_Auto14584AE3D411D98DD635517A67BB34ABA.tmp' to '//pub.mme.dongguk.edu/home/GitHub/Assignments/Shoot/Saved/Autosaves/Game/FirstPersonBP/Blueprints/FirstPersonCharacter_Auto1.uasset'
[2019.06.05-04.11.00:322][871]LogSavePackage: Display: Finished SavePackage //pub.mme.dongguk.edu/home/GitHub/Assignments/Shoot/Saved/Autosaves/Game/FirstPersonBP/Blueprints/FirstPersonCharacter_Auto1.uasset
[2019.06.05-04.11.00:322][871]LogFileHelpers: Auto-saving content packages took 3.090
[2019.06.05-04.14.01:747][754]BlueprintLog: New page: FirstPersonCharacter 컴파일
[2019.06.05-04.17.26:913][321]LogTemp: Repeating last play command: 선택된 뷰포트
[2019.06.05-04.17.27:792][321]LogBlueprintUserMessages: Early PlayInEditor Detection: Level '/Game/FirstPersonBP/Maps/FirstPersonExampleMap.FirstPersonExampleMap:PersistentLevel' has LevelScriptBlueprint '/Game/FirstPersonBP/Maps/FirstPersonExampleMap.FirstPersonExampleMap:PersistentLevel.FirstPersonExampleMap' with GeneratedClass '/Game/FirstPersonBP/Maps/FirstPersonExampleMap.FirstPersonExampleMap_C' with ClassGeneratedBy '/Game/FirstPersonBP/Maps/FirstPersonExampleMap.FirstPersonExampleMap:PersistentLevel.FirstPersonExampleMap'
[2019.06.05-04.17.27:794][321]BlueprintLog: New page: 플레이 전 자동 컴파일
[2019.06.05-04.17.27:868][321]LogPlayLevel: [PlayLevel] Compiling FirstPersonCharacter before play...
[2019.06.05-04.17.28:331][321]LogPlayLevel: PlayLevel: Blueprint regeneration took 536 ms (1 blueprints)
[2019.06.05-04.17.28:339][321]PIE: New page: PIE 세션: FirstPersonExampleMap (2019. 6. 5. 오후 10:17:28)
[2019.06.05-04.17.28:340][321]LogPlayLevel: Creating play world package: /Game/FirstPersonBP/Maps/UEDPIE_0_FirstPersonExampleMap
[2019.06.05-04.17.28:369][321]LogPlayLevel: PIE: StaticDuplicateObject took: (0.029168s)
[2019.06.05-04.17.28:370][321]LogAIModule: Creating AISystem for world FirstPersonExampleMap
[2019.06.05-04.17.28:371][321]LogPlayLevel: PIE: World Init took: (0.001308s)
[2019.06.05-04.17.28:371][321]LogPlayLevel: PIE: Created PIE world by copying editor world from /Game/FirstPersonBP/Maps/FirstPersonExampleMap.FirstPersonExampleMap to /Game/FirstPersonBP/Maps/UEDPIE_0_FirstPersonExampleMap.FirstPersonExampleMap (0.031239s)
[2019.06.05-04.17.28:421][321]LogInit: XAudio2 using '스피커(Realtek High Definition Audio)' : 2 channels at 48 kHz using 32 bits per sample (channel mask 0x3)
[2019.06.05-04.17.28:428][321]LogInit: FAudioDevice initialized.
[2019.06.05-04.17.28:471][321]LogLoad: Game class is 'FirstPersonGameMode_C'
[2019.06.05-04.17.28:484][321]LogWorld: Bringing World /Game/FirstPersonBP/Maps/UEDPIE_0_FirstPersonExampleMap.FirstPersonExampleMap up for play (max tick rate 0) at 2019.06.05-13.17.28
[2019.06.05-04.17.28:497][321]LogWorld: Bringing up level for play took: 0.017442
[2019.06.05-04.17.28:761][321]LogContentBrowser: Native class hierarchy updated for 'MovieSceneCapture' in 0.0016 seconds. Added 11 classes and 0 folders.
[2019.06.05-04.17.28:764][321]LogBlueprintUserMessages: [NewBlueprint_302] Roam
[2019.06.05-04.17.28:782][321]PIE: /Game/FirstPersonBP/Maps/UEDPIE_0_FirstPersonExampleMap 에 대한 에디터에서 플레이 시작 시간: -0.006
[2019.06.05-04.17.28:782][321]LogBlueprintUserMessages: Late PlayInEditor Detection: Level '/Game/FirstPersonBP/Maps/FirstPersonExampleMap.FirstPersonExampleMap:PersistentLevel' has LevelScriptBlueprint '/Game/FirstPersonBP/Maps/FirstPersonExampleMap.FirstPersonExampleMap:PersistentLevel.FirstPersonExampleMap' with GeneratedClass '/Game/FirstPersonBP/Maps/FirstPersonExampleMap.FirstPersonExampleMap_C' with ClassGeneratedBy '/Game/FirstPersonBP/Maps/FirstPersonExampleMap.FirstPersonExampleMap:PersistentLevel.FirstPersonExampleMap'
[2019.06.05-04.17.30:027][407]LogBlueprintUserMessages: Early EndPlayMap Detection: Level '/Game/FirstPersonBP/Maps/FirstPersonExampleMap.FirstPersonExampleMap:PersistentLevel' has LevelScriptBlueprint '/Game/FirstPersonBP/Maps/FirstPersonExampleMap.FirstPersonExampleMap:PersistentLevel.FirstPersonExampleMap' with GeneratedClass '/Game/FirstPersonBP/Maps/FirstPersonExampleMap.FirstPersonExampleMap_C' with ClassGeneratedBy '/Game/FirstPersonBP/Maps/FirstPersonExampleMap.FirstPersonExampleMap:PersistentLevel.FirstPersonExampleMap'
[2019.06.05-04.17.30:063][407]LogBlueprintUserMessages: Late EndPlayMap Detection: Level '/Game/FirstPersonBP/Maps/FirstPersonExampleMap.FirstPersonExampleMap:PersistentLevel' has LevelScriptBlueprint '/Game/FirstPersonBP/Maps/FirstPersonExampleMap.FirstPersonExampleMap:PersistentLevel.FirstPersonExampleMap' with GeneratedClass '/Game/FirstPersonBP/Maps/FirstPersonExampleMap.FirstPersonExampleMap_C' with ClassGeneratedBy '/Game/FirstPersonBP/Maps/FirstPersonExampleMap.FirstPersonExampleMap:PersistentLevel.FirstPersonExampleMap'
[2019.06.05-04.17.30:653][449]LogEditorViewport: Clicking on Actor (LMB): BP_Sky_Sphere_C (SkySphereBlueprint)
[2019.06.05-04.17.32:422][593]LogTemp: Repeating last play command: 선택된 뷰포트
[2019.06.05-04.17.32:532][593]LogBlueprintUserMessages: Early PlayInEditor Detection: Level '/Game/FirstPersonBP/Maps/FirstPersonExampleMap.FirstPersonExampleMap:PersistentLevel' has LevelScriptBlueprint '/Game/FirstPersonBP/Maps/FirstPersonExampleMap.FirstPersonExampleMap:PersistentLevel.FirstPersonExampleMap' with GeneratedClass '/Game/FirstPersonBP/Maps/FirstPersonExampleMap.FirstPersonExampleMap_C' with ClassGeneratedBy '/Game/FirstPersonBP/Maps/FirstPersonExampleMap.FirstPersonExampleMap:PersistentLevel.FirstPersonExampleMap'
[2019.06.05-04.17.32:533][593]LogPlayLevel: PlayLevel: No blueprints needed recompiling
[2019.06.05-04.17.32:533][593]PIE: New page: PIE 세션: FirstPersonExampleMap (2019. 6. 5. 오후 10:17:32)
[2019.06.05-04.17.32:533][593]LogPlayLevel: Creating play world package: /Game/FirstPersonBP/Maps/UEDPIE_0_FirstPersonExampleMap
[2019.06.05-04.17.32:559][593]LogPlayLevel: PIE: StaticDuplicateObject took: (0.026194s)
[2019.06.05-04.17.32:560][593]LogAIModule: Creating AISystem for world FirstPersonExampleMap
[2019.06.05-04.17.32:560][593]LogPlayLevel: PIE: World Init took: (0.000828s)
[2019.06.05-04.17.32:561][593]LogPlayLevel: PIE: Created PIE world by copying editor world from /Game/FirstPersonBP/Maps/FirstPersonExampleMap.FirstPersonExampleMap to /Game/FirstPersonBP/Maps/UEDPIE_0_FirstPersonExampleMap.FirstPersonExampleMap (0.027402s)
[2019.06.05-04.17.32:583][593]LogInit: XAudio2 using '스피커(Realtek High Definition Audio)' : 2 channels at 48 kHz using 32 bits per sample (channel mask 0x3)
[2019.06.05-04.17.32:590][593]LogInit: FAudioDevice initialized.
[2019.06.05-04.17.32:623][593]LogLoad: Game class is 'FirstPersonGameMode_C'
[2019.06.05-04.17.32:626][593]LogWorld: Bringing World /Game/FirstPersonBP/Maps/UEDPIE_0_FirstPersonExampleMap.FirstPersonExampleMap up for play (max tick rate 0) at 2019.06.05-13.17.32
[2019.06.05-04.17.32:627][593]LogWorld: Bringing up level for play took: 0.003752
[2019.06.05-04.17.32:628][593]LogBlueprintUserMessages: [NewBlueprint_302] Roam
[2019.06.05-04.17.32:629][593]PIE: /Game/FirstPersonBP/Maps/UEDPIE_0_FirstPersonExampleMap 에 대한 에디터에서 플레이 시작 시간: -0.159
[2019.06.05-04.17.32:629][593]LogBlueprintUserMessages: Late PlayInEditor Detection: Level '/Game/FirstPersonBP/Maps/FirstPersonExampleMap.FirstPersonExampleMap:PersistentLevel' has LevelScriptBlueprint '/Game/FirstPersonBP/Maps/FirstPersonExampleMap.FirstPersonExampleMap:PersistentLevel.FirstPersonExampleMap' with GeneratedClass '/Game/FirstPersonBP/Maps/FirstPersonExampleMap.FirstPersonExampleMap_C' with ClassGeneratedBy '/Game/FirstPersonBP/Maps/FirstPersonExampleMap.FirstPersonExampleMap:PersistentLevel.FirstPersonExampleMap'
[2019.06.05-04.17.34:697][834]LogBlueprintUserMessages: [NewBlueprint_302] Searching
[2019.06.05-04.17.35:198][894]LogBlueprintUserMessages: [NewBlueprint_302] Chasing
[2019.06.05-04.17.35:705][954]LogBlueprintUserMessages: [NewBlueprint_302] Chasing
[2019.06.05-04.17.36:210][ 14]LogBlueprintUserMessages: [NewBlueprint_302] Chasing
[2019.06.05-04.17.37:219][134]LogBlueprintUserMessages: [NewBlueprint_302] Searching
[2019.06.05-04.17.37:721][194]LogBlueprintUserMessages: [NewBlueprint_302] Searching
[2019.06.05-04.17.38:223][253]LogBlueprintUserMessages: [NewBlueprint_302] Searching
[2019.06.05-04.17.39:233][373]LogBlueprintUserMessages: [NewBlueprint_302] Searching
[2019.06.05-04.17.40:239][490]LogBlueprintUserMessages: [NewBlueprint_302] Searching
[2019.06.05-04.17.40:745][550]LogBlueprintUserMessages: [NewBlueprint_302] Searching
[2019.06.05-04.17.41:251][610]LogBlueprintUserMessages: [NewBlueprint_302] Searching
[2019.06.05-04.17.41:754][670]LogBlueprintUserMessages: [NewBlueprint_302] Searching
[2019.06.05-04.17.42:258][730]LogBlueprintUserMessages: [NewBlueprint_302] Searching
[2019.06.05-04.17.42:760][790]LogBlueprintUserMessages: [NewBlueprint_302] Chasing
[2019.06.05-04.17.43:266][850]LogBlueprintUserMessages: [NewBlueprint_302] Chasing
[2019.06.05-04.17.43:767][910]LogBlueprintUserMessages: [NewBlueprint_302] Chasing
[2019.06.05-04.17.44:274][970]LogBlueprintUserMessages: [NewBlueprint_302] Chasing
[2019.06.05-04.17.44:775][ 30]LogBlueprintUserMessages: [NewBlueprint_302] Chasing
[2019.06.05-04.17.45:284][ 90]LogBlueprintUserMessages: [NewBlueprint_302] Chasing
[2019.06.05-04.17.45:785][150]LogBlueprintUserMessages: [NewBlueprint_302] Chasing
[2019.06.05-04.17.46:288][210]LogBlueprintUserMessages: [NewBlueprint_302] Chasing
[2019.06.05-04.17.46:792][270]LogBlueprintUserMessages: [NewBlueprint_302] Chasing
[2019.06.05-04.17.47:295][330]LogBlueprintUserMessages: [NewBlueprint_302] Chasing
[2019.06.05-04.17.47:797][390]LogBlueprintUserMessages: [NewBlueprint_302] Chasing
[2019.06.05-04.17.48:302][450]LogBlueprintUserMessages: [NewBlueprint_302] Chasing
[2019.06.05-04.17.48:805][510]LogBlueprintUserMessages: [NewBlueprint_302] Chasing
[2019.06.05-04.17.49:307][570]LogBlueprintUserMessages: [NewBlueprint_302] Chasing
[2019.06.05-04.17.49:812][630]LogBlueprintUserMessages: [NewBlueprint_302] Chasing
[2019.06.05-04.17.50:312][690]LogBlueprintUserMessages: [NewBlueprint_302] Searching
[2019.06.05-04.18.01:879][ 64]LogBlueprintUserMessages: [NewBlueprint_302] Searching
[2019.06.05-04.18.03:386][244]LogBlueprintUserMessages: [NewBlueprint_302] Searching
[2019.06.05-04.18.04:391][364]LogBlueprintUserMessages: [NewBlueprint_302] Chasing
[2019.06.05-04.18.04:892][424]LogBlueprintUserMessages: [NewBlueprint_302] Chasing
[2019.06.05-04.18.05:397][484]LogBlueprintUserMessages: [NewBlueprint_302] Chasing
[2019.06.05-04.18.05:898][544]LogBlueprintUserMessages: [NewBlueprint_302] Chasing
[2019.06.05-04.18.06:404][604]LogBlueprintUserMessages: [NewBlueprint_302] Chasing
[2019.06.05-04.18.06:906][664]LogBlueprintUserMessages: [NewBlueprint_302] Chasing
[2019.06.05-04.18.07:409][724]LogBlueprintUserMessages: [NewBlueprint_302] Chasing
[2019.06.05-04.18.07:911][784]LogBlueprintUserMessages: [NewBlueprint_302] Searching
[2019.06.05-04.18.08:138][811]LogBlueprintUserMessages: Early EndPlayMap Detection: Level '/Game/FirstPersonBP/Maps/FirstPersonExampleMap.FirstPersonExampleMap:PersistentLevel' has LevelScriptBlueprint '/Game/FirstPersonBP/Maps/FirstPersonExampleMap.FirstPersonExampleMap:PersistentLevel.FirstPersonExampleMap' with GeneratedClass '/Game/FirstPersonBP/Maps/FirstPersonExampleMap.FirstPersonExampleMap_C' with ClassGeneratedBy '/Game/FirstPersonBP/Maps/FirstPersonExampleMap.FirstPersonExampleMap:PersistentLevel.FirstPersonExampleMap'
[2019.06.05-04.18.08:177][811]LogBlueprintUserMessages: Late EndPlayMap Detection: Level '/Game/FirstPersonBP/Maps/FirstPersonExampleMap.FirstPersonExampleMap:PersistentLevel' has LevelScriptBlueprint '/Game/FirstPersonBP/Maps/FirstPersonExampleMap.FirstPersonExampleMap:PersistentLevel.FirstPersonExampleMap' with GeneratedClass '/Game/FirstPersonBP/Maps/FirstPersonExampleMap.FirstPersonExampleMap_C' with ClassGeneratedBy '/Game/FirstPersonBP/Maps/FirstPersonExampleMap.FirstPersonExampleMap:PersistentLevel.FirstPersonExampleMap'
[2019.06.05-04.18.14:995][106]LogSavePackage: Save=3067.05ms
[2019.06.05-04.18.14:995][106]LogSavePackage: Moving '//pub.mme.dongguk.edu/home/GitHub/Assignments/Shoot/Saved/FirstPersonExampleMap5DA6101745E547B4C59E2AB4521A9411.tmp' to '//pub.mme.dongguk.edu/home/GitHub/Assignments/Shoot/Content/FirstPersonBP/Maps/FirstPersonExampleMap.umap'
[2019.06.05-04.18.15:056][106]LogSavePackage: Display: Finished SavePackage //pub.mme.dongguk.edu/home/GitHub/Assignments/Shoot/Content/FirstPersonBP/Maps/FirstPersonExampleMap.umap
[2019.06.05-04.18.22:241][106]LogSavePackage: Save=4481.46ms
[2019.06.05-04.18.22:241][106]LogSavePackage: Moving '//pub.mme.dongguk.edu/home/GitHub/Assignments/Shoot/Saved/FirstPersonExampleMap_BuiltData0BC753674C8E5939B3C20186068AB714.tmp' to '//pub.mme.dongguk.edu/home/GitHub/Assignments/Shoot/Content/FirstPersonBP/Maps/FirstPersonExampleMap_BuiltData.uasset'
[2019.06.05-04.18.22:283][106]LogSavePackage: Display: Finished SavePackage //pub.mme.dongguk.edu/home/GitHub/Assignments/Shoot/Content/FirstPersonBP/Maps/FirstPersonExampleMap_BuiltData.uasset
[2019.06.05-04.18.28:563][392]LogSavePackage: Save=1873.96ms
[2019.06.05-04.18.28:563][392]LogSavePackage: Moving '//pub.mme.dongguk.edu/home/GitHub/Assignments/Shoot/Saved/FirstPersonCharacter4464401540EF3378D2566B9FDE16EC64.tmp' to '//pub.mme.dongguk.edu/home/GitHub/Assignments/Shoot/Content/FirstPersonBP/Blueprints/FirstPersonCharacter.uasset'
[2019.06.05-04.18.28:615][392]LogSavePackage: Display: Finished SavePackage //pub.mme.dongguk.edu/home/GitHub/Assignments/Shoot/Content/FirstPersonBP/Blueprints/FirstPersonCharacter.uasset
[2019.06.05-04.18.29:542][393]Cmd: QUIT_EDITOR
[2019.06.05-04.18.29:612][393]LogExit: Preparing to exit.
[2019.06.05-04.18.30:063][393]LogExit: Editor shut down
[2019.06.05-04.18.30:066][393]LogExit: Transaction tracking system shut down
[2019.06.05-04.18.31:227][393]LogDirectoryWatcher: A directory notification for '../../../Engine/Content/' was aborted.
[2019.06.05-04.18.31:227][393]LogDirectoryWatcher: A directory notification for '../../../Engine/Plugins/2D/Paper2D/Content/' was aborted.
[2019.06.05-04.18.31:227][393]LogDirectoryWatcher: A directory notification for '../../../Engine/Plugins/Media/MediaCompositing/Content/' was aborted.
[2019.06.05-04.18.31:227][393]LogDirectoryWatcher: A directory notification for '../../../Engine/Plugins/Runtime/AppleARKit/Content/' was aborted.
[2019.06.05-04.18.31:227][393]LogDirectoryWatcher: A directory notification for '../../../Engine/Plugins/Runtime/Oculus/OculusVR/Content/' was aborted.
[2019.06.05-04.18.31:227][393]LogDirectoryWatcher: A directory notification for '../../../Engine/Plugins/Runtime/Steam/SteamVR/Content/' was aborted.
[2019.06.05-04.18.31:388][393]LogExit: Object subsystem successfully closed.
[2019.06.05-04.18.31:436][393]LogD3D11RHI: Shutdown
[2019.06.05-04.18.31:437][393]LogD3D11RHI: CleanupD3DDevice
[2019.06.05-04.18.31:439][393]LogD3D11RHI: ~FD3D11DynamicRHI
[2019.06.05-04.18.31:486][393]LogModuleManager: Shutting down and abandoning module MovieSceneCapture (552)
[2019.06.05-04.18.31:486][393]LogModuleManager: Shutting down and abandoning module BlueprintGraph (550)
[2019.06.05-04.18.31:486][393]LogModuleManager: Shutting down and abandoning module HierarchicalLODOutliner (548)
[2019.06.05-04.18.31:486][393]LogModuleManager: Shutting down and abandoning module SceneOutliner (546)
[2019.06.05-04.18.31:486][393]LogModuleManager: Shutting down and abandoning module AddContentDialog (544)
[2019.06.05-04.18.31:486][393]LogDirectoryWatcher: A directory notification for 'C:/Program Files/Epic Games/UE_4.18/FeaturePacks/' was aborted.
[2019.06.05-04.18.31:488][393]LogModuleManager: Shutting down and abandoning module WidgetCarousel (543)
[2019.06.05-04.18.31:488][393]LogModuleManager: Shutting down and abandoning module EditorWidgets (540)
[2019.06.05-04.18.31:488][393]LogModuleManager: Shutting down and abandoning module CollectionManager (538)
[2019.06.05-04.18.31:488][393]LogModuleManager: Shutting down and abandoning module StatsViewer (536)
[2019.06.05-04.18.31:489][393]LogModuleManager: Shutting down and abandoning module FoliageEdit (534)
[2019.06.05-04.18.31:489][393]LogModuleManager: Shutting down and abandoning module LandscapeEditor (532)
[2019.06.05-04.18.31:490][393]LogModuleManager: Shutting down and abandoning module MeshPaintMode (530)
[2019.06.05-04.18.31:491][393]LogModuleManager: Shutting down and abandoning module SceneDepthPickerMode (528)
[2019.06.05-04.18.31:491][393]LogModuleManager: Shutting down and abandoning module ActorPickerMode (526)
[2019.06.05-04.18.31:491][393]LogModuleManager: Shutting down and abandoning module GeometryMode (524)
[2019.06.05-04.18.31:491][393]LogModuleManager: Shutting down and abandoning module TextureAlignMode (522)
[2019.06.05-04.18.31:491][393]LogModuleManager: Shutting down and abandoning module BspMode (520)
[2019.06.05-04.18.31:491][393]LogModuleManager: Shutting down and abandoning module PIEPreviewDeviceProfileSelector (518)
[2019.06.05-04.18.31:491][393]LogModuleManager: Shutting down and abandoning module HardwareSurvey (516)
[2019.06.05-04.18.31:491][393]LogModuleManager: Shutting down and abandoning module SequenceRecorderSections (514)
[2019.06.05-04.18.31:491][393]LogModuleManager: Shutting down and abandoning module AutomationWorker (512)
[2019.06.05-04.18.31:491][393]LogModuleManager: Shutting down and abandoning module MatineeToLevelSequence (510)
[2019.06.05-04.18.31:492][393]LogModuleManager: Shutting down and abandoning module LevelSequenceEditor (508)
[2019.06.05-04.18.31:494][393]LogModuleManager: Shutting down and abandoning module PlacementMode (507)
[2019.06.05-04.18.31:494][393]LogModuleManager: Shutting down and abandoning module WmfMediaFactory (504)
[2019.06.05-04.18.31:495][393]LogModuleManager: Shutting down and abandoning module WmfMediaEditor (502)
[2019.06.05-04.18.31:495][393]LogModuleManager: Shutting down and abandoning module OpenExrWrapper (500)
[2019.06.05-04.18.31:495][393]LogModuleManager: Shutting down and abandoning module ImgMediaFactory (498)
[2019.06.05-04.18.31:495][393]LogModuleManager: Shutting down and abandoning module ImgMediaEditor (496)
[2019.06.05-04.18.31:495][393]LogModuleManager: Shutting down and abandoning module AvfMediaFactory (494)
[2019.06.05-04.18.31:495][393]LogModuleManager: Shutting down and abandoning module AvfMediaEditor (492)
[2019.06.05-04.18.31:495][393]LogModuleManager: Shutting down and abandoning module AndroidMediaFactory (490)
[2019.06.05-04.18.31:495][393]LogModuleManager: Shutting down and abandoning module AndroidMediaEditor (488)
[2019.06.05-04.18.31:495][393]LogModuleManager: Shutting down and abandoning module CharacterAI (486)
[2019.06.05-04.18.31:495][393]LogModuleManager: Shutting down and abandoning module AudioCapture (484)
[2019.06.05-04.18.31:495][393]LogModuleManager: Shutting down and abandoning module SequenceRecorder (483)
[2019.06.05-04.18.31:495][393]LogModuleManager: Shutting down and abandoning module SmartSnapping (480)
[2019.06.05-04.18.31:495][393]LogModuleManager: Shutting down and abandoning module SessionServices (478)
[2019.06.05-04.18.31:495][393]LogModuleManager: Shutting down and abandoning module ViewportSnapping (476)
[2019.06.05-04.18.31:495][393]LogModuleManager: Shutting down and abandoning module ViewportInteraction (474)
[2019.06.05-04.18.31:495][393]LogModuleManager: Shutting down and abandoning module ClothPainter (472)
[2019.06.05-04.18.31:496][393]LogModuleManager: Shutting down and abandoning module SkeletalMeshEditor (471)
[2019.06.05-04.18.31:498][393]LogModuleManager: Shutting down and abandoning module LogVisualizer (468)
[2019.06.05-04.18.31:499][393]LogModuleManager: Shutting down and abandoning module IntroTutorials (466)
[2019.06.05-04.18.31:500][393]LogModuleManager: Shutting down and abandoning module GameProjectGeneration (465)
[2019.06.05-04.18.31:501][393]LogModuleManager: Shutting down and abandoning module IOSPlatformEditor (462)
[2019.06.05-04.18.31:501][393]LogModuleManager: Shutting down and abandoning module HTML5PlatformEditor (460)
[2019.06.05-04.18.31:501][393]LogModuleManager: Shutting down and abandoning module AndroidPlatformEditor (458)
[2019.06.05-04.18.31:501][393]LogModuleManager: Shutting down and abandoning module AndroidDeviceDetection (457)
[2019.06.05-04.18.32:018][393]LogModuleManager: Shutting down and abandoning module WindowsPlatformEditor (454)
[2019.06.05-04.18.32:018][393]LogModuleManager: Shutting down and abandoning module IOSRuntimeSettings (452)
[2019.06.05-04.18.32:018][393]LogModuleManager: Shutting down and abandoning module AndroidRuntimeSettings (450)
[2019.06.05-04.18.32:018][393]LogModuleManager: Shutting down and abandoning module InputBindingEditor (448)
[2019.06.05-04.18.32:019][393]LogModuleManager: Shutting down and abandoning module MergeActors (446)
[2019.06.05-04.18.32:019][393]LogModuleManager: Shutting down and abandoning module SizeMap (444)
[2019.06.05-04.18.32:019][393]LogModuleManager: Shutting down and abandoning module TreeMap (442)
[2019.06.05-04.18.32:021][393]LogModuleManager: Shutting down and abandoning module ReferenceViewer (440)
[2019.06.05-04.18.32:021][393]LogModuleManager: Shutting down and abandoning module LocalizationDashboard (438)
[2019.06.05-04.18.32:021][393]LogModuleManager: Shutting down and abandoning module LocalizationService (437)
[2019.06.05-04.18.32:022][393]LogModuleManager: Shutting down and abandoning module HardwareTargeting (434)
[2019.06.05-04.18.32:022][393]LogModuleManager: Shutting down and abandoning module DeviceProfileEditor (432)
[2019.06.05-04.18.32:022][393]LogModuleManager: Shutting down and abandoning module UndoHistory (430)
[2019.06.05-04.18.32:022][393]LogModuleManager: Shutting down and abandoning module XmlParser (428)
[2019.06.05-04.18.32:022][393]LogModuleManager: Shutting down and abandoning module Blutility (426)
[2019.06.05-04.18.32:022][393]LogModuleManager: Shutting down and abandoning module ProjectSettingsViewer (424)
[2019.06.05-04.18.32:022][393]LogModuleManager: Shutting down and abandoning module ProjectTargetPlatformEditor (423)
[2019.06.05-04.18.32:023][393]LogModuleManager: Shutting down and abandoning module EditorSettingsViewer (420)
[2019.06.05-04.18.32:023][393]LogModuleManager: Shutting down and abandoning module SettingsEditor (418)
[2019.06.05-04.18.32:023][393]LogModuleManager: Shutting down and abandoning module ProjectLauncher (416)
[2019.06.05-04.18.32:024][393]LogModuleManager: Shutting down and abandoning module SessionFrontend (414)
[2019.06.05-04.18.32:025][393]LogModuleManager: Shutting down and abandoning module ProfilerClient (412)
[2019.06.05-04.18.32:025][393]LogModuleManager: Shutting down and abandoning module DeviceManager (410)
[2019.06.05-04.18.32:026][393]LogModuleManager: Shutting down and abandoning module TargetDeviceServices (409)
[2019.06.05-04.18.32:066][393]LogModuleManager: Shutting down and abandoning module AutomationController (406)
[2019.06.05-04.18.32:067][393]LogModuleManager: Shutting down and abandoning module AutomationWindow (404)
[2019.06.05-04.18.32:068][393]LogModuleManager: Shutting down and abandoning module Layers (402)
[2019.06.05-04.18.32:070][393]LogModuleManager: Shutting down and abandoning module ComponentVisualizers (400)
[2019.06.05-04.18.32:070][393]LogModuleManager: Shutting down and abandoning module DetailCustomizations (398)
[2019.06.05-04.18.32:071][393]LogModuleManager: Shutting down and abandoning module PackagesDialog (396)
[2019.06.05-04.18.32:072][393]LogModuleManager: Shutting down and abandoning module Persona (394)
[2019.06.05-04.18.32:073][393]LogModuleManager: Shutting down and abandoning module AdvancedPreviewScene (393)
[2019.06.05-04.18.32:073][393]LogModuleManager: Shutting down and abandoning module AnimGraph (391)
[2019.06.05-04.18.32:073][393]LogModuleManager: Shutting down and abandoning module Kismet (388)
[2019.06.05-04.18.32:082][393]LogModuleManager: Shutting down and abandoning module ClassViewer (386)
[2019.06.05-04.18.32:083][393]LogModuleManager: Shutting down and abandoning module Toolbox (384)
[2019.06.05-04.18.32:083][393]LogModuleManager: Shutting down and abandoning module ModuleUI (382)
[2019.06.05-04.18.32:083][393]LogModuleManager: Shutting down and abandoning module MovieSceneTools (380)
[2019.06.05-04.18.32:084][393]LogModuleManager: Shutting down and abandoning module OutputLog (378)
[2019.06.05-04.18.32:085][393]LogModuleManager: Shutting down and abandoning module GammaUI (376)
[2019.06.05-04.18.32:085][393]LogModuleManager: Shutting down and abandoning module Documentation (374)
[2019.06.05-04.18.32:085][393]LogModuleManager: Shutting down and abandoning module MovieSceneTracks (372)
[2019.06.05-04.18.32:085][393]LogModuleManager: Shutting down and abandoning module MovieScene (370)
[2019.06.05-04.18.32:085][393]LogModuleManager: Shutting down and abandoning module StreamingPauseRendering (368)
[2019.06.05-04.18.32:085][393]LogModuleManager: Shutting down and abandoning module LauncherPlatform (366)
[2019.06.05-04.18.32:085][393]LogModuleManager: Shutting down and abandoning module AnalyticsET (364)
[2019.06.05-04.18.32:085][393]LogModuleManager: Shutting down and abandoning module PortalServices (362)
[2019.06.05-04.18.32:086][393]LogModuleManager: Shutting down and abandoning module PortalRpc (360)
[2019.06.05-04.18.32:086][393]LogModuleManager: Shutting down and abandoning module MessagingRpc (358)
[2019.06.05-04.18.32:086][393]LogModuleManager: Shutting down and abandoning module AIModule (356)
[2019.06.05-04.18.32:086][393]LogModuleManager: Shutting down and abandoning module GameplayDebugger (355)
[2019.06.05-04.18.32:086][393]LogModuleManager: Shutting down and abandoning module AITestSuite (353)
[2019.06.05-04.18.32:086][393]LogModuleManager: Shutting down and abandoning module DesktopPlatform (350)
[2019.06.05-04.18.32:086][393]LogModuleManager: Shutting down and abandoning module ProfilerService (348)
[2019.06.05-04.18.32:326][393]LogModuleManager: Shutting down and abandoning module TaskGraph (346)
[2019.06.05-04.18.32:327][393]LogModuleManager: Shutting down and abandoning module SteamVRController (344)
[2019.06.05-04.18.32:327][393]LogModuleManager: Shutting down and abandoning module ProceduralMeshComponentEditor (342)
[2019.06.05-04.18.32:327][393]LogModuleManager: Shutting down and abandoning module ProceduralMeshComponent (340)
[2019.06.05-04.18.32:328][393]LogModuleManager: Shutting down and abandoning module OculusInput (338)
[2019.06.05-04.18.32:328][393]LogModuleManager: Shutting down and abandoning module MobilePatchingUtils (336)
[2019.06.05-04.18.32:328][393]LogModuleManager: Shutting down and abandoning module CustomMeshComponent (334)
[2019.06.05-04.18.32:328][393]LogModuleManager: Shutting down and abandoning module CableComponent (332)
[2019.06.05-04.18.32:328][393]LogModuleManager: Shutting down and abandoning module ArchVisCharacter (330)
[2019.06.05-04.18.32:328][393]LogModuleManager: Shutting down and abandoning module AndroidPermission (328)
[2019.06.05-04.18.32:328][393]LogModuleManager: Shutting down and abandoning module ActorSequence (324)
[2019.06.05-04.18.32:328][393]LogModuleManager: Shutting down and abandoning module MediaPlayerEditor (322)
[2019.06.05-04.18.32:332][393]LogModuleManager: Shutting down and abandoning module MediaCompositingEditor (320)
[2019.06.05-04.18.32:332][393]LogModuleManager: Shutting down and abandoning module MediaCompositing (318)
[2019.06.05-04.18.32:332][393]LogModuleManager: Shutting down and abandoning module HTML5Networking (316)
[2019.06.05-04.18.32:332][393]LogModuleManager: Shutting down and abandoning module AlembicImporter (314)
[2019.06.05-04.18.32:332][393]LogModuleManager: Shutting down and abandoning module AlembicLibrary (313)
[2019.06.05-04.18.32:332][393]LogModuleManager: Shutting down and abandoning module GeometryCache (312)
[2019.06.05-04.18.32:332][393]LogModuleManager: Shutting down and abandoning module GeometryCacheEd (311)
[2019.06.05-04.18.32:332][393]LogModuleManager: Shutting down and abandoning module SpeedTreeImporter (306)
[2019.06.05-04.18.32:332][393]LogModuleManager: Shutting down and abandoning module PluginBrowser (304)
[2019.06.05-04.18.32:335][393]LogModuleManager: Shutting down and abandoning module MobileLauncherProfileWizard (302)
[2019.06.05-04.18.32:336][393]LogModuleManager: Shutting down and abandoning module VisualStudioSourceCodeAccess (300)
[2019.06.05-04.18.32:336][393]LogModuleManager: Shutting down and abandoning module VisualStudioCodeSourceCodeAccess (298)
[2019.06.05-04.18.32:336][393]LogModuleManager: Shutting down and abandoning module UObjectPlugin (296)
[2019.06.05-04.18.32:336][393]LogModuleManager: Shutting down and abandoning module SubversionSourceControl (294)
[2019.06.05-04.18.32:337][393]LogModuleManager: Shutting down and abandoning module PerforceSourceControl (292)
[2019.06.05-04.18.32:338][393]LogModuleManager: Shutting down and abandoning module GitSourceControl (290)
[2019.06.05-04.18.32:339][393]LogModuleManager: Shutting down and abandoning module SourceControl (289)
[2019.06.05-04.18.32:340][393]LogModuleManager: Shutting down and abandoning module LightPropagationVolumeEditor (286)
[2019.06.05-04.18.32:340][393]LogModuleManager: Shutting down and abandoning module PaperTiledImporter (284)
[2019.06.05-04.18.32:340][393]LogModuleManager: Shutting down and abandoning module PaperSpriteSheetImporter (282)
[2019.06.05-04.18.32:340][393]LogModuleManager: Shutting down and abandoning module Paper2DEditor (280)
[2019.06.05-04.18.32:341][393]LogModuleManager: Shutting down and abandoning module MeshPaint (279)
[2019.06.05-04.18.32:342][393]LogModuleManager: Shutting down and abandoning module LevelEditor (277)
